TN:
SF:server/app.ts
FN:13,log
FN:29,createApp
FN:36,(anonymous_2)
FN:42,(anonymous_3)
FN:52,(anonymous_4)
FN:58,(anonymous_5)
FN:63,(anonymous_6)
FNF:7
FNH:7
FNDA:8,log
FNDA:1,createApp
FNDA:8,(anonymous_2)
FNDA:8,(anonymous_3)
FNDA:8,(anonymous_4)
FNDA:8,(anonymous_5)
FNDA:8,(anonymous_6)
DA:14,8
DA:21,8
DA:30,1
DA:31,1
DA:33,1
DA:34,1
DA:35,1
DA:36,1
DA:38,8
DA:39,0
DA:41,8
DA:43,8
DA:48,1
DA:50,1
DA:52,1
DA:53,8
DA:54,8
DA:55,8
DA:57,8
DA:58,8
DA:59,8
DA:60,8
DA:63,8
DA:64,8
DA:65,8
DA:66,8
DA:67,8
DA:68,8
DA:71,8
DA:75,8
DA:78,1
DA:80,1
DA:82,1
LF:33
LH:32
BRDA:13,0,0,8
BRDA:38,1,0,0
BRDA:38,1,1,8
BRDA:65,2,0,8
BRDA:65,2,1,0
BRDA:67,3,0,8
BRDA:67,3,1,0
BRF:7
BRH:4
end_of_record
TN:
SF:server/auth.ts
FN:10,getSecret
FN:15,createBrokerSession
FN:29,getBrokerFromRequest
FN:42,clearBrokerSession
FN:48,getDeviceIdFromRequest
FN:52,getTrustedDevice
FN:63,createTrustedDevice
FN:87,getOrCreateTrustedDevice
FN:105,getAdminEmails
FN:109,(anonymous_9)
FN:110,(anonymous_10)
FN:113,isAdminEmail
FN:122,getBrokerWithAdminFromRequest
FN:132,requireAdmin
FNF:14
FNH:0
FNDA:0,getSecret
FNDA:0,createBrokerSession
FNDA:0,getBrokerFromRequest
FNDA:0,clearBrokerSession
FNDA:0,getDeviceIdFromRequest
FNDA:0,getTrustedDevice
FNDA:0,createTrustedDevice
FNDA:0,getOrCreateTrustedDevice
FNDA:0,getAdminEmails
FNDA:0,(anonymous_9)
FNDA:0,(anonymous_10)
FNDA:0,isAdminEmail
FNDA:0,getBrokerWithAdminFromRequest
FNDA:0,requireAdmin
DA:7,1
DA:8,1
DA:11,0
DA:12,0
DA:16,0
DA:20,0
DA:30,0
DA:31,0
DA:33,0
DA:34,0
DA:35,0
DA:36,0
DA:38,0
DA:43,0
DA:49,0
DA:56,0
DA:57,0
DA:59,0
DA:60,0
DA:69,0
DA:70,0
DA:73,0
DA:76,0
DA:84,0
DA:92,0
DA:94,0
DA:96,0
DA:97,0
DA:101,0
DA:106,0
DA:107,0
DA:109,0
DA:110,0
DA:114,0
DA:115,0
DA:123,0
DA:124,0
DA:126,0
DA:133,0
DA:134,0
DA:135,0
DA:137,0
LF:42
LH:2
BRDA:11,0,0,0
BRDA:11,0,1,0
BRDA:31,1,0,0
BRDA:31,1,1,0
BRDA:36,2,0,0
BRDA:36,2,1,0
BRDA:49,3,0,0
BRDA:49,3,1,0
BRDA:57,4,0,0
BRDA:57,4,1,0
BRDA:60,5,0,0
BRDA:60,5,1,0
BRDA:70,6,0,0
BRDA:70,6,1,0
BRDA:94,7,0,0
BRDA:94,7,1,0
BRDA:106,8,0,0
BRDA:106,8,1,0
BRDA:124,9,0,0
BRDA:124,9,1,0
BRDA:134,10,0,0
BRDA:134,10,1,0
BRDA:134,11,0,0
BRDA:134,11,1,0
BRF:24
BRH:0
end_of_record
TN:
SF:server/config.ts
FN:21,getConfig
FN:38,resetConfig
FN:42,isProduction
FN:46,isDevelopment
FN:50,isTest
FN:54,getBaseUrl
FNF:6
FNH:2
FNDA:18,getConfig
FNDA:0,resetConfig
FNDA:16,isProduction
FNDA:0,isDevelopment
FNDA:0,isTest
FNDA:0,getBaseUrl
DA:3,1
DA:19,1
DA:22,18
DA:24,1
DA:26,1
DA:27,0
DA:28,0
DA:29,0
DA:31,0
DA:34,1
DA:35,1
DA:39,0
DA:43,16
DA:47,0
DA:51,0
DA:55,0
DA:57,0
DA:58,0
DA:61,0
DA:62,0
DA:63,0
DA:64,0
DA:67,0
LF:23
LH:8
BRDA:22,0,0,17
BRDA:22,0,1,1
BRDA:26,1,0,0
BRDA:26,1,1,1
BRDA:57,2,0,0
BRDA:57,2,1,0
BRDA:61,3,0,0
BRDA:61,3,1,0
BRDA:62,4,0,0
BRDA:62,4,1,0
BRDA:63,5,0,0
BRDA:63,5,1,0
BRDA:67,6,0,0
BRDA:67,6,1,0
BRF:14
BRH:3
end_of_record
TN:
SF:server/db.ts
FNF:0
FNH:0
DA:5,1
DA:7,1
DA:8,0
DA:13,1
DA:14,1
LF:5
LH:4
BRDA:7,0,0,0
BRDA:7,0,1,1
BRF:2
BRH:1
end_of_record
TN:
SF:server/geocode.ts
FN:12,geocodeAddress
FN:46,ensureStopCoords
FNF:2
FNH:0
FNDA:0,geocodeAddress
FNDA:0,ensureStopCoords
DA:5,1
DA:13,0
DA:14,0
DA:15,0
DA:18,0
DA:19,0
DA:20,0
DA:22,0
DA:24,0
DA:25,0
DA:26,0
DA:27,0
DA:30,0
DA:32,0
DA:33,0
DA:34,0
DA:35,0
DA:38,0
DA:39,0
DA:41,0
DA:42,0
DA:54,0
DA:55,0
DA:61,0
DA:63,0
DA:64,0
DA:65,0
DA:66,0
DA:68,0
DA:69,0
DA:73,0
DA:75,0
DA:76,0
DA:77,0
DA:80,0
DA:81,0
DA:90,0
DA:91,0
DA:93,0
DA:94,0
LF:40
LH:1
BRDA:5,0,0,1
BRDA:5,0,1,1
BRDA:5,0,2,1
BRDA:13,1,0,0
BRDA:13,1,1,0
BRDA:25,2,0,0
BRDA:25,2,1,0
BRDA:32,3,0,0
BRDA:32,3,1,0
BRDA:32,4,0,0
BRDA:32,4,1,0
BRDA:54,5,0,0
BRDA:54,5,1,0
BRDA:54,6,0,0
BRDA:54,6,1,0
BRDA:64,7,0,0
BRDA:64,7,1,0
BRDA:64,8,0,0
BRDA:64,8,1,0
BRDA:65,9,0,0
BRDA:65,9,1,0
BRDA:65,10,0,0
BRDA:65,10,1,0
BRDA:75,11,0,0
BRDA:75,11,1,0
BRF:25
BRH:3
end_of_record
TN:
SF:server/geofence.ts
FN:13,haversineMeters
FN:15,(anonymous_1)
FN:27,isInsideGeofence
FN:31,isOutsideWithHysteresis
FN:36,getOrCreateGeofenceState
FN:58,updateGeofenceState
FN:78,markStopArrived
FN:90,(anonymous_7)
FN:95,markStopDeparted
FN:107,(anonymous_9)
FN:112,evaluateGeofencesForActiveLoad
FN:134,(anonymous_11)
FN:135,(anonymous_12)
FN:226,getGeofenceDebugInfo
FN:251,(anonymous_14)
FNF:15
FNH:0
FNDA:0,haversineMeters
FNDA:0,(anonymous_1)
FNDA:0,isInsideGeofence
FNDA:0,isOutsideWithHysteresis
FNDA:0,getOrCreateGeofenceState
FNDA:0,updateGeofenceState
FNDA:0,markStopArrived
FNDA:0,(anonymous_7)
FNDA:0,markStopDeparted
FNDA:0,(anonymous_9)
FNDA:0,evaluateGeofencesForActiveLoad
FNDA:0,(anonymous_11)
FNDA:0,(anonymous_12)
FNDA:0,getGeofenceDebugInfo
FNDA:0,(anonymous_14)
DA:8,1
DA:9,1
DA:10,1
DA:11,1
DA:14,0
DA:15,0
DA:17,0
DA:18,0
DA:20,0
DA:22,0
DA:24,0
DA:28,0
DA:32,0
DA:33,0
DA:37,0
DA:42,0
DA:44,0
DA:55,0
DA:69,0
DA:75,0
DA:84,0
DA:85,0
DA:86,0
DA:89,0
DA:90,0
DA:91,0
DA:101,0
DA:102,0
DA:103,0
DA:106,0
DA:107,0
DA:108,0
DA:119,0
DA:120,0
DA:122,0
DA:123,0
DA:124,0
DA:127,0
DA:132,0
DA:133,0
DA:134,0
DA:135,0
DA:137,0
DA:138,0
DA:139,0
DA:142,0
DA:143,0
DA:148,0
DA:149,0
DA:157,0
DA:158,0
DA:159,0
DA:161,0
DA:162,0
DA:164,0
DA:165,0
DA:168,0
DA:169,0
DA:170,0
DA:171,0
DA:173,0
DA:175,0
DA:177,0
DA:178,0
DA:179,0
DA:185,0
DA:186,0
DA:187,0
DA:189,0
DA:191,0
DA:194,0
DA:195,0
DA:196,0
DA:197,0
DA:201,0
DA:202,0
DA:203,0
DA:209,0
DA:210,0
DA:212,0
DA:216,0
DA:217,0
DA:218,0
DA:219,0
DA:240,0
DA:241,0
DA:242,0
DA:245,0
DA:251,0
DA:252,0
DA:253,0
DA:269,0
DA:271,0
DA:278,0
DA:287,0
DA:288,0
DA:304,0
DA:305,0
DA:321,0
DA:322,0
DA:323,0
DA:324,0
DA:326,0
DA:327,0
DA:329,0
LF:105
LH:4
BRDA:42,0,0,0
BRDA:42,0,1,0
BRDA:89,1,0,0
BRDA:89,1,1,0
BRDA:106,2,0,0
BRDA:106,2,1,0
BRDA:119,3,0,0
BRDA:119,3,1,0
BRDA:119,4,0,0
BRDA:119,4,1,0
BRDA:120,5,0,0
BRDA:120,5,1,0
BRDA:122,6,0,0
BRDA:122,6,1,0
BRDA:122,7,0,0
BRDA:122,7,1,0
BRDA:137,8,0,0
BRDA:137,8,1,0
BRDA:143,9,0,0
BRDA:143,9,1,0
BRDA:148,10,0,0
BRDA:148,10,1,0
BRDA:148,11,0,0
BRDA:148,11,1,0
BRDA:157,12,0,0
BRDA:157,12,1,0
BRDA:168,13,0,0
BRDA:168,13,1,0
BRDA:177,14,0,0
BRDA:177,14,1,0
BRDA:185,15,0,0
BRDA:185,15,1,0
BRDA:186,16,0,0
BRDA:186,16,1,0
BRDA:187,17,0,0
BRDA:187,17,1,0
BRDA:189,18,0,0
BRDA:189,18,1,0
BRDA:191,19,0,0
BRDA:191,19,1,0
BRDA:194,20,0,0
BRDA:194,20,1,0
BRDA:195,21,0,0
BRDA:195,21,1,0
BRDA:201,22,0,0
BRDA:201,22,1,0
BRDA:209,23,0,0
BRDA:209,23,1,0
BRDA:209,24,0,0
BRDA:209,24,1,0
BRDA:209,24,2,0
BRDA:212,25,0,0
BRDA:212,25,1,0
BRDA:212,25,2,0
BRDA:216,26,0,0
BRDA:216,26,1,0
BRDA:241,27,0,0
BRDA:241,27,1,0
BRDA:241,28,0,0
BRDA:241,28,1,0
BRDA:252,29,0,0
BRDA:252,29,1,0
BRDA:269,30,0,0
BRDA:269,30,1,0
BRDA:287,31,0,0
BRDA:287,31,1,0
BRDA:295,32,0,0
BRDA:295,32,1,0
BRDA:296,33,0,0
BRDA:296,33,1,0
BRDA:304,34,0,0
BRDA:304,34,1,0
BRDA:327,35,0,0
BRDA:327,35,1,0
BRDA:327,35,2,0
BRDA:341,36,0,0
BRDA:341,36,1,0
BRF:77
BRH:0
end_of_record
TN:
SF:server/routes.ts
FN:46,(anonymous_0)
FN:49,(anonymous_1)
FN:61,generateLoadNumber
FN:67,generateToken
FN:72,applyReferralFromCookie
FN:147,getBaseUrl
FN:168,sendVerificationEmail
FN:173,sendDriverSMS
FN:177,registerHealthRoutes
FN:178,(anonymous_9)
FN:183,(anonymous_10)
FN:194,registerRoutes
FN:204,(anonymous_12)
FN:228,(anonymous_13)
FN:309,(anonymous_14)
FN:377,(anonymous_15)
FN:419,(anonymous_16)
FN:468,(anonymous_17)
FN:501,(anonymous_18)
FN:512,(anonymous_19)
FN:586,(anonymous_20)
FN:607,(anonymous_21)
FN:630,(anonymous_22)
FN:722,(anonymous_23)
FN:742,(anonymous_24)
FN:754,(anonymous_25)
FN:893,(anonymous_26)
FN:920,(anonymous_27)
FN:948,(anonymous_28)
FN:949,(anonymous_29)
FN:950,(anonymous_30)
FN:978,(anonymous_31)
FN:987,(anonymous_32)
FN:1000,(anonymous_33)
FN:1009,(anonymous_34)
FN:1042,(anonymous_35)
FN:1044,(anonymous_36)
FN:1045,(anonymous_37)
FN:1079,(anonymous_38)
FN:1097,(anonymous_39)
FN:1124,(anonymous_40)
FN:1169,(anonymous_41)
FN:1222,(anonymous_42)
FN:1240,(anonymous_43)
FN:1256,(anonymous_44)
FN:1290,(anonymous_45)
FN:1348,(anonymous_46)
FN:1375,(anonymous_47)
FN:1397,(anonymous_48)
FN:1506,(anonymous_49)
FN:1520,(anonymous_50)
FN:1614,(anonymous_51)
FN:1624,(anonymous_52)
FN:1690,(anonymous_53)
FN:1700,(anonymous_54)
FN:1707,(anonymous_55)
FN:1713,(anonymous_56)
FN:1716,(anonymous_57)
FN:1739,(anonymous_58)
FN:1755,(anonymous_59)
FN:1775,(anonymous_60)
FN:1794,(anonymous_61)
FN:1827,(anonymous_62)
FN:1864,(anonymous_63)
FN:1897,(anonymous_64)
FN:1908,(anonymous_65)
FN:1957,(anonymous_66)
FN:1965,(anonymous_67)
FN:1968,(anonymous_68)
FN:1989,maskEmail
FN:2001,(anonymous_70)
FN:2039,(anonymous_71)
FN:2054,(anonymous_72)
FN:2057,(anonymous_73)
FN:2058,(anonymous_74)
FN:2091,(anonymous_75)
FN:2120,(anonymous_76)
FN:2141,(anonymous_77)
FN:2177,(anonymous_78)
FN:2216,(anonymous_79)
FN:2249,(anonymous_80)
FN:2291,(anonymous_81)
FN:2319,(anonymous_82)
FN:2330,(anonymous_83)
FN:2360,(anonymous_84)
FN:2394,(anonymous_85)
FN:2448,(anonymous_86)
FN:2479,(anonymous_87)
FN:2524,(anonymous_88)
FN:2536,(anonymous_89)
FN:2559,(anonymous_90)
FN:2559,(anonymous_91)
FN:2572,(anonymous_92)
FN:2595,(anonymous_93)
FN:2605,(anonymous_94)
FN:2636,(anonymous_95)
FN:2664,(anonymous_96)
FN:2670,(anonymous_97)
FN:2686,(anonymous_98)
FN:2701,(anonymous_99)
FN:2740,(anonymous_100)
FN:2760,(anonymous_101)
FN:2762,(anonymous_102)
FN:2763,(anonymous_103)
FN:2806,(anonymous_104)
FN:2861,(anonymous_105)
FN:2896,(anonymous_106)
FN:2911,(anonymous_107)
FN:2913,(anonymous_108)
FN:2914,(anonymous_109)
FN:2932,(anonymous_110)
FN:2957,(anonymous_111)
FN:2996,(anonymous_112)
FN:3032,(anonymous_113)
FN:3043,(anonymous_114)
FN:3061,(anonymous_115)
FN:3088,(anonymous_116)
FN:3104,(anonymous_117)
FN:3143,(anonymous_118)
FN:3154,(anonymous_119)
FN:3175,(anonymous_120)
FN:3214,(anonymous_121)
FN:3242,(anonymous_122)
FN:3276,(anonymous_123)
FN:3304,(anonymous_124)
FN:3342,parseDaysParam
FN:3351,(anonymous_126)
FN:3400,(anonymous_127)
FN:3432,(anonymous_128)
FNF:129
FNH:6
FNDA:0,(anonymous_0)
FNDA:0,(anonymous_1)
FNDA:0,generateLoadNumber
FNDA:0,generateToken
FNDA:0,applyReferralFromCookie
FNDA:1,getBaseUrl
FNDA:1,sendVerificationEmail
FNDA:0,sendDriverSMS
FNDA:1,registerHealthRoutes
FNDA:0,(anonymous_9)
FNDA:0,(anonymous_10)
FNDA:1,registerRoutes
FNDA:0,(anonymous_12)
FNDA:0,(anonymous_13)
FNDA:6,(anonymous_14)
FNDA:2,(anonymous_15)
FNDA:0,(anonymous_16)
FNDA:0,(anonymous_17)
FNDA:0,(anonymous_18)
FNDA:0,(anonymous_19)
FNDA:0,(anonymous_20)
FNDA:0,(anonymous_21)
FNDA:0,(anonymous_22)
FNDA:0,(anonymous_23)
FNDA:0,(anonymous_24)
FNDA:0,(anonymous_25)
FNDA:0,(anonymous_26)
FNDA:0,(anonymous_27)
FNDA:0,(anonymous_28)
FNDA:0,(anonymous_29)
FNDA:0,(anonymous_30)
FNDA:0,(anonymous_31)
FNDA:0,(anonymous_32)
FNDA:0,(anonymous_33)
FNDA:0,(anonymous_34)
FNDA:0,(anonymous_35)
FNDA:0,(anonymous_36)
FNDA:0,(anonymous_37)
FNDA:0,(anonymous_38)
FNDA:0,(anonymous_39)
FNDA:0,(anonymous_40)
FNDA:0,(anonymous_41)
FNDA:0,(anonymous_42)
FNDA:0,(anonymous_43)
FNDA:0,(anonymous_44)
FNDA:0,(anonymous_45)
FNDA:0,(anonymous_46)
FNDA:0,(anonymous_47)
FNDA:0,(anonymous_48)
FNDA:0,(anonymous_49)
FNDA:0,(anonymous_50)
FNDA:0,(anonymous_51)
FNDA:0,(anonymous_52)
FNDA:0,(anonymous_53)
FNDA:0,(anonymous_54)
FNDA:0,(anonymous_55)
FNDA:0,(anonymous_56)
FNDA:0,(anonymous_57)
FNDA:0,(anonymous_58)
FNDA:0,(anonymous_59)
FNDA:0,(anonymous_60)
FNDA:0,(anonymous_61)
FNDA:0,(anonymous_62)
FNDA:0,(anonymous_63)
FNDA:0,(anonymous_64)
FNDA:0,(anonymous_65)
FNDA:0,(anonymous_66)
FNDA:0,(anonymous_67)
FNDA:0,(anonymous_68)
FNDA:0,maskEmail
FNDA:0,(anonymous_70)
FNDA:0,(anonymous_71)
FNDA:0,(anonymous_72)
FNDA:0,(anonymous_73)
FNDA:0,(anonymous_74)
FNDA:0,(anonymous_75)
FNDA:0,(anonymous_76)
FNDA:0,(anonymous_77)
FNDA:0,(anonymous_78)
FNDA:0,(anonymous_79)
FNDA:0,(anonymous_80)
FNDA:0,(anonymous_81)
FNDA:0,(anonymous_82)
FNDA:0,(anonymous_83)
FNDA:0,(anonymous_84)
FNDA:0,(anonymous_85)
FNDA:0,(anonymous_86)
FNDA:0,(anonymous_87)
FNDA:0,(anonymous_88)
FNDA:0,(anonymous_89)
FNDA:0,(anonymous_90)
FNDA:0,(anonymous_91)
FNDA:0,(anonymous_92)
FNDA:0,(anonymous_93)
FNDA:0,(anonymous_94)
FNDA:0,(anonymous_95)
FNDA:0,(anonymous_96)
FNDA:0,(anonymous_97)
FNDA:0,(anonymous_98)
FNDA:0,(anonymous_99)
FNDA:0,(anonymous_100)
FNDA:0,(anonymous_101)
FNDA:0,(anonymous_102)
FNDA:0,(anonymous_103)
FNDA:0,(anonymous_104)
FNDA:0,(anonymous_105)
FNDA:0,(anonymous_106)
FNDA:0,(anonymous_107)
FNDA:0,(anonymous_108)
FNDA:0,(anonymous_109)
FNDA:0,(anonymous_110)
FNDA:0,(anonymous_111)
FNDA:0,(anonymous_112)
FNDA:0,(anonymous_113)
FNDA:0,(anonymous_114)
FNDA:0,(anonymous_115)
FNDA:0,(anonymous_116)
FNDA:0,(anonymous_117)
FNDA:0,(anonymous_118)
FNDA:0,(anonymous_119)
FNDA:0,(anonymous_120)
FNDA:0,(anonymous_121)
FNDA:0,(anonymous_122)
FNDA:0,(anonymous_123)
FNDA:0,(anonymous_124)
FNDA:0,parseDaysParam
FNDA:0,(anonymous_126)
FNDA:0,(anonymous_127)
FNDA:0,(anonymous_128)
DA:40,1
DA:41,1
DA:42,0
DA:45,1
DA:47,0
DA:50,0
DA:51,0
DA:52,0
DA:56,1
DA:62,0
DA:63,0
DA:64,0
DA:68,0
DA:73,0
DA:74,0
DA:75,0
DA:76,0
DA:79,0
DA:82,0
DA:83,0
DA:84,0
DA:85,0
DA:86,0
DA:90,0
DA:91,0
DA:92,0
DA:93,0
DA:97,0
DA:98,0
DA:99,0
DA:100,0
DA:103,0
DA:104,0
DA:105,0
DA:106,0
DA:107,0
DA:110,0
DA:114,0
DA:115,0
DA:116,0
DA:117,0
DA:118,0
DA:122,0
DA:130,0
DA:133,0
DA:134,0
DA:135,0
DA:136,0
DA:140,0
DA:142,0
DA:149,1
DA:150,1
DA:154,0
DA:155,0
DA:156,0
DA:157,0
DA:158,0
DA:163,0
DA:164,0
DA:169,1
DA:174,0
DA:178,1
DA:179,0
DA:183,1
DA:184,0
DA:185,0
DA:204,1
DA:205,0
DA:206,0
DA:207,0
DA:208,0
DA:211,0
DA:213,0
DA:220,0
DA:221,0
DA:228,1
DA:229,0
DA:230,0
DA:232,0
DA:233,0
DA:236,0
DA:237,0
DA:240,0
DA:241,0
DA:244,0
DA:246,0
DA:247,0
DA:254,0
DA:260,0
DA:261,0
DA:262,0
DA:263,0
DA:264,0
DA:271,0
DA:274,0
DA:279,0
DA:280,0
DA:281,0
DA:282,0
DA:284,0
DA:285,0
DA:286,0
DA:288,0
DA:290,0
DA:302,0
DA:303,0
DA:309,1
DA:310,6
DA:311,6
DA:313,6
DA:314,1
DA:317,5
DA:318,5
DA:320,6
DA:321,5
DA:323,5
DA:325,2
DA:327,2
DA:328,0
DA:335,2
DA:339,2
DA:342,2
DA:343,0
DA:344,0
DA:345,0
DA:346,0
DA:353,0
DA:356,0
DA:361,5
DA:371,0
DA:372,0
DA:377,1
DA:378,2
DA:379,2
DA:381,2
DA:382,1
DA:385,1
DA:386,1
DA:387,0
DA:390,1
DA:391,1
DA:392,1
DA:394,1
DA:396,1
DA:398,1
DA:399,1
DA:401,1
DA:403,1
DA:404,1
DA:411,0
DA:413,0
DA:414,0
DA:419,1
DA:420,0
DA:421,0
DA:422,0
DA:424,0
DA:425,0
DA:426,0
DA:429,0
DA:431,0
DA:432,0
DA:433,0
DA:436,0
DA:437,0
DA:438,0
DA:441,0
DA:442,0
DA:443,0
DA:446,0
DA:448,0
DA:449,0
DA:451,0
DA:454,0
DA:455,0
DA:458,0
DA:460,0
DA:462,0
DA:463,0
DA:468,1
DA:469,0
DA:470,0
DA:472,0
DA:473,0
DA:476,0
DA:478,0
DA:479,0
DA:482,0
DA:483,0
DA:485,0
DA:488,0
DA:491,0
DA:493,0
DA:495,0
DA:496,0
DA:501,1
DA:502,0
DA:503,0
DA:504,0
DA:506,0
DA:507,0
DA:512,1
DA:513,0
DA:514,0
DA:517,0
DA:518,0
DA:524,0
DA:525,0
DA:528,0
DA:529,0
DA:536,0
DA:537,0
DA:544,0
DA:546,0
DA:548,0
DA:549,0
DA:550,0
DA:553,0
DA:555,0
DA:563,0
DA:564,0
DA:565,0
DA:567,0
DA:569,0
DA:570,0
DA:571,0
DA:573,0
DA:575,0
DA:580,0
DA:581,0
DA:586,1
DA:587,0
DA:588,0
DA:590,0
DA:591,0
DA:594,0
DA:601,0
DA:602,0
DA:607,1
DA:608,0
DA:609,0
DA:610,0
DA:611,0
DA:614,0
DA:624,0
DA:625,0
DA:630,1
DA:631,0
DA:632,0
DA:633,0
DA:634,0
DA:637,0
DA:645,0
DA:652,0
DA:653,0
DA:654,0
DA:657,0
DA:658,0
DA:659,0
DA:662,0
DA:663,0
DA:664,0
DA:668,0
DA:669,0
DA:670,0
DA:671,0
DA:672,0
DA:673,0
DA:675,0
DA:676,0
DA:678,0
DA:679,0
DA:682,0
DA:683,0
DA:685,0
DA:695,0
DA:696,0
DA:704,0
DA:706,0
DA:716,0
DA:717,0
DA:722,1
DA:723,0
DA:724,0
DA:725,0
DA:726,0
DA:729,0
DA:731,0
DA:732,0
DA:735,0
DA:742,0
DA:744,0
DA:745,0
DA:754,1
DA:755,0
DA:756,0
DA:758,0
DA:759,0
DA:762,0
DA:763,0
DA:770,0
DA:771,0
DA:773,0
DA:774,0
DA:775,0
DA:777,0
DA:779,0
DA:785,0
DA:786,0
DA:788,0
DA:789,0
DA:791,0
DA:799,0
DA:803,0
DA:806,0
DA:807,0
DA:808,0
DA:809,0
DA:816,0
DA:820,0
DA:821,0
DA:822,0
DA:824,0
DA:825,0
DA:840,0
DA:843,0
DA:844,0
DA:848,0
DA:849,0
DA:850,0
DA:851,0
DA:852,0
DA:853,0
DA:858,0
DA:859,0
DA:860,0
DA:868,0
DA:869,0
DA:870,0
DA:873,0
DA:892,0
DA:893,0
DA:909,0
DA:913,0
DA:920,0
DA:923,0
DA:931,0
DA:932,0
DA:933,0
DA:934,0
DA:935,0
DA:936,0
DA:937,0
DA:938,0
DA:939,0
DA:940,0
DA:946,0
DA:948,0
DA:949,0
DA:950,0
DA:953,0
DA:954,0
DA:955,0
DA:956,0
DA:960,0
DA:961,0
DA:962,0
DA:963,0
DA:964,0
DA:965,0
DA:966,0
DA:968,0
DA:969,0
DA:970,0
DA:972,0
DA:978,0
DA:979,0
DA:983,0
DA:987,0
DA:989,0
DA:997,0
DA:999,0
DA:1000,0
DA:1001,0
DA:1004,0
DA:1009,1
DA:1010,0
DA:1011,0
DA:1012,0
DA:1013,0
DA:1016,0
DA:1017,0
DA:1018,0
DA:1020,0
DA:1036,0
DA:1041,0
DA:1043,0
DA:1044,0
DA:1045,0
DA:1046,0
DA:1048,0
DA:1065,0
DA:1073,0
DA:1074,0
DA:1079,1
DA:1080,0
DA:1081,0
DA:1082,0
DA:1083,0
DA:1086,0
DA:1088,0
DA:1096,0
DA:1097,0
DA:1118,0
DA:1119,0
DA:1124,1
DA:1125,0
DA:1126,0
DA:1127,0
DA:1128,0
DA:1131,0
DA:1133,0
DA:1134,0
DA:1137,0
DA:1147,0
DA:1163,0
DA:1164,0
DA:1169,1
DA:1170,0
DA:1171,0
DA:1172,0
DA:1173,0
DA:1176,0
DA:1177,0
DA:1179,0
DA:1180,0
DA:1183,0
DA:1185,0
DA:1196,0
DA:1197,0
DA:1200,0
DA:1216,0
DA:1217,0
DA:1222,1
DA:1223,0
DA:1224,0
DA:1225,0
DA:1226,0
DA:1229,0
DA:1231,0
DA:1239,0
DA:1240,0
DA:1250,0
DA:1251,0
DA:1256,1
DA:1257,0
DA:1258,0
DA:1259,0
DA:1260,0
DA:1263,0
DA:1264,0
DA:1265,0
DA:1268,0
DA:1269,0
DA:1270,0
DA:1272,0
DA:1283,0
DA:1284,0
DA:1290,1
DA:1291,0
DA:1292,0
DA:1293,0
DA:1296,0
DA:1297,0
DA:1298,0
DA:1302,0
DA:1303,0
DA:1304,0
DA:1307,0
DA:1309,0
DA:1310,0
DA:1314,0
DA:1315,0
DA:1316,0
DA:1319,0
DA:1320,0
DA:1323,0
DA:1337,0
DA:1339,0
DA:1341,0
DA:1342,0
DA:1348,1
DA:1349,0
DA:1350,0
DA:1351,0
DA:1353,0
DA:1354,0
DA:1357,0
DA:1358,0
DA:1360,0
DA:1369,0
DA:1370,0
DA:1375,1
DA:1376,0
DA:1377,0
DA:1378,0
DA:1380,0
DA:1381,0
DA:1384,0
DA:1386,0
DA:1391,0
DA:1392,0
DA:1397,1
DA:1398,0
DA:1399,0
DA:1400,0
DA:1401,0
DA:1403,0
DA:1406,0
DA:1408,0
DA:1409,0
DA:1412,0
DA:1413,0
DA:1414,0
DA:1418,0
DA:1419,0
DA:1420,0
DA:1421,0
DA:1425,0
DA:1426,0
DA:1427,0
DA:1428,0
DA:1429,0
DA:1433,0
DA:1434,0
DA:1435,0
DA:1436,0
DA:1440,0
DA:1441,0
DA:1442,0
DA:1446,0
DA:1447,0
DA:1449,0
DA:1450,0
DA:1451,0
DA:1452,0
DA:1454,0
DA:1455,0
DA:1458,0
DA:1459,0
DA:1460,0
DA:1461,0
DA:1462,0
DA:1468,0
DA:1469,0
DA:1470,0
DA:1471,0
DA:1474,0
DA:1485,0
DA:1488,0
DA:1489,0
DA:1490,0
DA:1491,0
DA:1497,0
DA:1499,0
DA:1504,0
DA:1505,0
DA:1506,0
DA:1508,0
DA:1514,0
DA:1515,0
DA:1520,1
DA:1521,0
DA:1522,0
DA:1523,0
DA:1525,0
DA:1527,0
DA:1528,0
DA:1529,0
DA:1533,0
DA:1535,0
DA:1536,0
DA:1539,0
DA:1540,0
DA:1541,0
DA:1545,0
DA:1546,0
DA:1547,0
DA:1548,0
DA:1552,0
DA:1553,0
DA:1554,0
DA:1555,0
DA:1556,0
DA:1560,0
DA:1561,0
DA:1562,0
DA:1563,0
DA:1567,0
DA:1568,0
DA:1569,0
DA:1573,0
DA:1574,0
DA:1575,0
DA:1576,0
DA:1577,0
DA:1579,0
DA:1580,0
DA:1582,0
DA:1583,0
DA:1584,0
DA:1585,0
DA:1586,0
DA:1592,0
DA:1593,0
DA:1594,0
DA:1595,0
DA:1598,0
DA:1609,0
DA:1612,0
DA:1613,0
DA:1614,0
DA:1616,0
DA:1618,0
DA:1619,0
DA:1624,1
DA:1625,0
DA:1626,0
DA:1627,0
DA:1629,0
DA:1630,0
DA:1631,0
DA:1635,0
DA:1636,0
DA:1637,0
DA:1640,0
DA:1641,0
DA:1642,0
DA:1644,0
DA:1647,0
DA:1649,0
DA:1650,0
DA:1651,0
DA:1657,0
DA:1658,0
DA:1659,0
DA:1668,0
DA:1669,0
DA:1670,0
DA:1671,0
DA:1673,0
DA:1680,0
DA:1681,0
DA:1682,0
DA:1683,0
DA:1684,0
DA:1685,0
DA:1690,0
DA:1695,0
DA:1700,0
DA:1702,0
DA:1707,0
DA:1709,0
DA:1713,0
DA:1715,0
DA:1716,0
DA:1718,0
DA:1727,0
DA:1729,0
DA:1730,0
DA:1739,1
DA:1740,0
DA:1741,0
DA:1742,0
DA:1743,0
DA:1746,0
DA:1747,0
DA:1749,0
DA:1750,0
DA:1755,1
DA:1756,0
DA:1757,0
DA:1758,0
DA:1759,0
DA:1762,0
DA:1763,0
DA:1765,0
DA:1766,0
DA:1775,1
DA:1776,0
DA:1777,0
DA:1778,0
DA:1779,0
DA:1782,0
DA:1783,0
DA:1788,0
DA:1789,0
DA:1794,1
DA:1795,0
DA:1796,0
DA:1797,0
DA:1798,0
DA:1801,0
DA:1803,0
DA:1804,0
DA:1805,0
DA:1810,0
DA:1813,0
DA:1814,0
DA:1823,1
DA:1824,1
DA:1827,1
DA:1828,0
DA:1829,0
DA:1830,0
DA:1831,0
DA:1834,0
DA:1835,0
DA:1836,0
DA:1839,0
DA:1840,0
DA:1841,0
DA:1844,0
DA:1846,0
DA:1847,0
DA:1850,0
DA:1851,0
DA:1854,0
DA:1855,0
DA:1858,0
DA:1859,0
DA:1863,0
DA:1864,0
DA:1865,0
DA:1866,0
DA:1870,0
DA:1871,0
DA:1872,0
DA:1874,0
DA:1875,0
DA:1877,0
DA:1878,0
DA:1881,0
DA:1891,0
DA:1892,0
DA:1897,1
DA:1898,0
DA:1899,0
DA:1900,0
DA:1901,0
DA:1905,0
DA:1906,0
DA:1908,0
DA:1909,0
DA:1910,0
DA:1911,0
DA:1912,0
DA:1914,0
DA:1917,0
DA:1918,0
DA:1919,0
DA:1920,0
DA:1921,0
DA:1922,0
DA:1923,0
DA:1925,0
DA:1929,0
DA:1930,0
DA:1931,0
DA:1934,0
DA:1936,0
DA:1951,0
DA:1952,0
DA:1957,1
DA:1958,0
DA:1959,0
DA:1960,0
DA:1961,0
DA:1964,0
DA:1965,0
DA:1967,0
DA:1969,0
DA:1970,0
DA:1981,0
DA:1983,0
DA:1984,0
DA:1990,0
DA:1991,0
DA:1992,0
DA:1995,0
DA:2001,1
DA:2002,0
DA:2003,0
DA:2005,0
DA:2007,0
DA:2010,0
DA:2014,0
DA:2015,0
DA:2022,0
DA:2026,0
DA:2028,0
DA:2030,0
DA:2039,1
DA:2040,0
DA:2041,0
DA:2042,0
DA:2043,0
DA:2046,0
DA:2047,0
DA:2048,0
DA:2049,0
DA:2051,0
DA:2053,0
DA:2055,0
DA:2056,0
DA:2057,0
DA:2058,0
DA:2059,0
DA:2060,0
DA:2062,0
DA:2077,0
DA:2085,0
DA:2086,0
DA:2091,1
DA:2092,0
DA:2093,0
DA:2094,0
DA:2095,0
DA:2098,0
DA:2099,0
DA:2101,0
DA:2102,0
DA:2103,0
DA:2106,0
DA:2108,0
DA:2110,0
DA:2111,0
DA:2120,1
DA:2121,0
DA:2122,0
DA:2123,0
DA:2124,0
DA:2127,0
DA:2128,0
DA:2129,0
DA:2130,0
DA:2133,0
DA:2135,0
DA:2136,0
DA:2141,1
DA:2142,0
DA:2143,0
DA:2144,0
DA:2145,0
DA:2148,0
DA:2149,0
DA:2150,0
DA:2153,0
DA:2154,0
DA:2156,0
DA:2157,0
DA:2158,0
DA:2159,0
DA:2163,0
DA:2164,0
DA:2165,0
DA:2166,0
DA:2169,0
DA:2171,0
DA:2172,0
DA:2177,1
DA:2178,0
DA:2179,0
DA:2180,0
DA:2181,0
DA:2184,0
DA:2185,0
DA:2187,0
DA:2188,0
DA:2191,0
DA:2192,0
DA:2193,0
DA:2195,0
DA:2197,0
DA:2198,0
DA:2201,0
DA:2203,0
DA:2205,0
DA:2206,0
DA:2211,0
DA:2216,1
DA:2217,0
DA:2218,0
DA:2219,0
DA:2220,0
DA:2223,0
DA:2225,0
DA:2226,0
DA:2227,0
DA:2229,0
DA:2231,0
DA:2232,0
DA:2235,0
DA:2237,0
DA:2238,0
DA:2239,0
DA:2244,0
DA:2249,1
DA:2250,0
DA:2251,0
DA:2252,0
DA:2253,0
DA:2257,0
DA:2258,0
DA:2260,0
DA:2261,0
DA:2266,0
DA:2269,0
DA:2270,0
DA:2273,0
DA:2274,0
DA:2276,0
DA:2277,0
DA:2279,0
DA:2280,0
DA:2281,0
DA:2286,0
DA:2291,1
DA:2292,0
DA:2293,0
DA:2295,0
DA:2296,0
DA:2301,0
DA:2302,0
DA:2304,0
DA:2305,0
DA:2307,0
DA:2309,0
DA:2310,0
DA:2312,0
DA:2319,1
DA:2320,0
DA:2321,0
DA:2322,0
DA:2324,0
DA:2325,0
DA:2330,1
DA:2331,0
DA:2332,0
DA:2333,0
DA:2334,0
DA:2337,0
DA:2338,0
DA:2339,0
DA:2345,0
DA:2346,0
DA:2348,0
DA:2349,0
DA:2350,0
DA:2355,0
DA:2360,1
DA:2361,0
DA:2362,0
DA:2363,0
DA:2364,0
DA:2367,0
DA:2368,0
DA:2369,0
DA:2372,0
DA:2373,0
DA:2375,0
DA:2376,0
DA:2377,0
DA:2379,0
DA:2383,1
DA:2386,1
DA:2394,1
DA:2395,0
DA:2396,0
DA:2397,0
DA:2398,0
DA:2401,0
DA:2402,0
DA:2404,0
DA:2405,0
DA:2408,0
DA:2409,0
DA:2410,0
DA:2413,0
DA:2414,0
DA:2415,0
DA:2416,0
DA:2417,0
DA:2421,0
DA:2423,0
DA:2432,0
DA:2433,0
DA:2435,0
DA:2442,0
DA:2443,0
DA:2448,1
DA:2449,0
DA:2450,0
DA:2451,0
DA:2452,0
DA:2455,0
DA:2456,0
DA:2458,0
DA:2459,0
DA:2462,0
DA:2463,0
DA:2464,0
DA:2467,0
DA:2468,0
DA:2469,0
DA:2471,0
DA:2473,0
DA:2474,0
DA:2479,1
DA:2480,0
DA:2481,0
DA:2482,0
DA:2483,0
DA:2486,0
DA:2487,0
DA:2489,0
DA:2490,0
DA:2493,0
DA:2494,0
DA:2495,0
DA:2498,0
DA:2500,0
DA:2509,0
DA:2510,0
DA:2512,0
DA:2518,0
DA:2519,0
DA:2524,1
DA:2525,0
DA:2526,0
DA:2527,0
DA:2528,0
DA:2531,0
DA:2532,0
DA:2534,0
DA:2536,0
DA:2537,0
DA:2538,0
DA:2539,0
DA:2540,0
DA:2542,0
DA:2544,0
DA:2557,0
DA:2559,0
DA:2562,0
DA:2563,0
DA:2564,0
DA:2566,0
DA:2567,0
DA:2572,1
DA:2573,0
DA:2574,0
DA:2575,0
DA:2576,0
DA:2579,0
DA:2580,0
DA:2581,0
DA:2584,0
DA:2587,0
DA:2595,0
DA:2597,0
DA:2599,0
DA:2600,0
DA:2605,1
DA:2606,0
DA:2607,0
DA:2608,0
DA:2609,0
DA:2612,0
DA:2613,0
DA:2614,0
DA:2616,0
DA:2618,0
DA:2626,0
DA:2627,0
DA:2636,1
DA:2637,0
DA:2638,0
DA:2640,0
DA:2641,0
DA:2644,0
DA:2645,0
DA:2648,0
DA:2649,0
DA:2650,0
DA:2651,0
DA:2653,0
DA:2656,0
DA:2658,0
DA:2659,0
DA:2664,1
DA:2665,0
DA:2666,0
DA:2670,1
DA:2671,0
DA:2672,0
DA:2673,0
DA:2678,0
DA:2686,1
DA:2687,0
DA:2688,0
DA:2689,0
DA:2690,0
DA:2693,0
DA:2694,0
DA:2695,0
DA:2697,0
DA:2700,0
DA:2702,0
DA:2708,0
DA:2726,0
DA:2734,0
DA:2735,0
DA:2740,1
DA:2741,0
DA:2742,0
DA:2743,0
DA:2744,0
DA:2747,0
DA:2748,0
DA:2749,0
DA:2752,0
DA:2759,0
DA:2761,0
DA:2762,0
DA:2763,0
DA:2764,0
DA:2778,0
DA:2800,0
DA:2801,0
DA:2806,1
DA:2807,0
DA:2808,0
DA:2809,0
DA:2810,0
DA:2813,0
DA:2814,0
DA:2815,0
DA:2818,0
DA:2819,0
DA:2820,0
DA:2822,0
DA:2823,0
DA:2824,0
DA:2826,0
DA:2827,0
DA:2828,0
DA:2830,0
DA:2831,0
DA:2832,0
DA:2833,0
DA:2835,0
DA:2836,0
DA:2839,0
DA:2840,0
DA:2843,0
DA:2845,0
DA:2853,0
DA:2855,0
DA:2856,0
DA:2861,1
DA:2862,0
DA:2863,0
DA:2864,0
DA:2865,0
DA:2868,0
DA:2869,0
DA:2870,0
DA:2873,0
DA:2874,0
DA:2875,0
DA:2878,0
DA:2880,0
DA:2888,0
DA:2890,0
DA:2891,0
DA:2896,1
DA:2897,0
DA:2898,0
DA:2899,0
DA:2900,0
DA:2903,0
DA:2904,0
DA:2905,0
DA:2908,0
DA:2910,0
DA:2912,0
DA:2913,0
DA:2914,0
DA:2915,0
DA:2931,0
DA:2932,0
DA:2933,0
DA:2935,0
DA:2937,0
DA:2939,0
DA:2947,0
DA:2948,0
DA:2949,0
DA:2951,0
DA:2952,0
DA:2957,1
DA:2958,0
DA:2959,0
DA:2960,0
DA:2961,0
DA:2964,0
DA:2965,0
DA:2966,0
DA:2969,0
DA:2971,0
DA:2972,0
DA:2973,0
DA:2974,0
DA:2975,0
DA:2977,0
DA:2980,0
DA:2988,0
DA:2990,0
DA:2991,0
DA:2996,1
DA:2997,0
DA:2998,0
DA:2999,0
DA:3000,0
DA:3003,0
DA:3004,0
DA:3005,0
DA:3008,0
DA:3009,0
DA:3010,0
DA:3013,0
DA:3016,0
DA:3024,0
DA:3026,0
DA:3027,0
DA:3032,1
DA:3033,0
DA:3034,0
DA:3035,0
DA:3036,0
DA:3039,0
DA:3042,0
DA:3044,0
DA:3045,0
DA:3053,0
DA:3055,0
DA:3056,0
DA:3061,1
DA:3062,0
DA:3063,0
DA:3064,0
DA:3065,0
DA:3068,0
DA:3069,0
DA:3070,0
DA:3072,0
DA:3074,0
DA:3082,0
DA:3083,0
DA:3088,1
DA:3089,0
DA:3090,0
DA:3091,0
DA:3092,0
DA:3095,0
DA:3096,0
DA:3098,0
DA:3099,0
DA:3104,1
DA:3105,0
DA:3106,0
DA:3107,0
DA:3108,0
DA:3111,0
DA:3113,0
DA:3114,0
DA:3117,0
DA:3128,0
DA:3135,0
DA:3137,0
DA:3138,0
DA:3143,1
DA:3144,0
DA:3145,0
DA:3146,0
DA:3147,0
DA:3150,0
DA:3153,0
DA:3155,0
DA:3156,0
DA:3157,0
DA:3167,0
DA:3169,0
DA:3170,0
DA:3175,1
DA:3176,0
DA:3177,0
DA:3178,0
DA:3179,0
DA:3182,0
DA:3184,0
DA:3185,0
DA:3188,0
DA:3189,0
DA:3190,0
DA:3194,0
DA:3202,0
DA:3204,0
DA:3205,0
DA:3214,1
DA:3215,0
DA:3216,0
DA:3217,0
DA:3218,0
DA:3221,0
DA:3223,0
DA:3229,0
DA:3236,0
DA:3237,0
DA:3242,1
DA:3243,0
DA:3244,0
DA:3245,0
DA:3246,0
DA:3249,0
DA:3251,0
DA:3252,0
DA:3255,0
DA:3268,0
DA:3270,0
DA:3271,0
DA:3276,1
DA:3277,0
DA:3278,0
DA:3279,0
DA:3280,0
DA:3283,0
DA:3285,0
DA:3291,0
DA:3298,0
DA:3299,0
DA:3304,1
DA:3305,0
DA:3306,0
DA:3307,0
DA:3308,0
DA:3311,0
DA:3313,0
DA:3314,0
DA:3317,0
DA:3330,0
DA:3332,0
DA:3333,0
DA:3343,0
DA:3344,0
DA:3345,0
DA:3346,0
DA:3351,1
DA:3352,0
DA:3353,0
DA:3354,0
DA:3355,0
DA:3358,0
DA:3359,0
DA:3360,0
DA:3362,0
DA:3365,0
DA:3366,0
DA:3367,0
DA:3369,0
DA:3370,0
DA:3371,0
DA:3372,0
DA:3373,0
DA:3374,0
DA:3376,0
DA:3379,0
DA:3382,0
DA:3383,0
DA:3384,0
DA:3387,0
DA:3389,0
DA:3390,0
DA:3395,1
DA:3396,1
DA:3400,1
DA:3401,0
DA:3402,0
DA:3403,0
DA:3404,0
DA:3407,0
DA:3408,0
DA:3409,0
DA:3410,0
DA:3411,0
DA:3413,0
DA:3416,0
DA:3418,0
DA:3420,0
DA:3422,0
DA:3423,0
DA:3428,1
DA:3429,1
DA:3432,1
DA:3433,0
DA:3434,0
DA:3435,0
DA:3436,0
DA:3439,0
DA:3440,0
DA:3441,0
DA:3443,0
DA:3446,0
DA:3448,0
DA:3449,0
DA:3451,0
DA:3452,0
DA:3453,0
DA:3455,0
DA:3456,0
DA:3460,1
LF:1432
LH:122
BRDA:41,0,0,0
BRDA:41,0,1,1
BRDA:51,1,0,0
BRDA:51,1,1,0
BRDA:75,2,0,0
BRDA:75,2,1,0
BRDA:83,3,0,0
BRDA:83,3,1,0
BRDA:90,4,0,0
BRDA:90,4,1,0
BRDA:98,5,0,0
BRDA:98,5,1,0
BRDA:103,6,0,0
BRDA:103,6,1,0
BRDA:105,7,0,0
BRDA:105,7,1,0
BRDA:115,8,0,0
BRDA:115,8,1,0
BRDA:134,9,0,0
BRDA:134,9,1,0
BRDA:149,10,0,1
BRDA:149,10,1,0
BRDA:154,11,0,0
BRDA:154,11,1,0
BRDA:155,12,0,0
BRDA:155,12,1,0
BRDA:156,13,0,0
BRDA:156,13,1,0
BRDA:157,14,0,0
BRDA:157,14,1,0
BRDA:186,15,0,0
BRDA:186,15,1,0
BRDA:187,16,0,0
BRDA:187,16,1,0
BRDA:207,17,0,0
BRDA:207,17,1,0
BRDA:232,18,0,0
BRDA:232,18,1,0
BRDA:236,19,0,0
BRDA:236,19,1,0
BRDA:241,20,0,0
BRDA:241,20,1,0
BRDA:246,21,0,0
BRDA:246,21,1,0
BRDA:260,22,0,0
BRDA:260,22,1,0
BRDA:263,23,0,0
BRDA:263,23,1,0
BRDA:263,24,0,0
BRDA:263,24,1,0
BRDA:297,25,0,0
BRDA:297,25,1,0
BRDA:313,26,0,1
BRDA:313,26,1,5
BRDA:318,27,0,5
BRDA:318,27,1,0
BRDA:323,28,0,2
BRDA:323,28,1,3
BRDA:327,29,0,0
BRDA:327,29,1,2
BRDA:342,30,0,0
BRDA:342,30,1,2
BRDA:345,31,0,0
BRDA:345,31,1,0
BRDA:345,32,0,0
BRDA:345,32,1,0
BRDA:381,33,0,1
BRDA:381,33,1,1
BRDA:386,34,0,0
BRDA:386,34,1,1
BRDA:403,35,0,1
BRDA:403,35,1,0
BRDA:424,36,0,0
BRDA:424,36,1,0
BRDA:424,37,0,0
BRDA:424,37,1,0
BRDA:431,38,0,0
BRDA:431,38,1,0
BRDA:436,39,0,0
BRDA:436,39,1,0
BRDA:441,40,0,0
BRDA:441,40,1,0
BRDA:472,41,0,0
BRDA:472,41,1,0
BRDA:472,42,0,0
BRDA:472,42,1,0
BRDA:478,43,0,0
BRDA:478,43,1,0
BRDA:478,44,0,0
BRDA:478,44,1,0
BRDA:478,44,2,0
BRDA:517,45,0,0
BRDA:517,45,1,0
BRDA:517,46,0,0
BRDA:517,46,1,0
BRDA:517,46,2,0
BRDA:528,47,0,0
BRDA:528,47,1,0
BRDA:536,48,0,0
BRDA:536,48,1,0
BRDA:546,49,0,0
BRDA:546,49,1,0
BRDA:590,50,0,0
BRDA:590,50,1,0
BRDA:610,51,0,0
BRDA:610,51,1,0
BRDA:618,52,0,0
BRDA:618,52,1,0
BRDA:619,53,0,0
BRDA:619,53,1,0
BRDA:633,54,0,0
BRDA:633,54,1,0
BRDA:646,55,0,0
BRDA:646,55,1,0
BRDA:647,56,0,0
BRDA:647,56,1,0
BRDA:648,57,0,0
BRDA:648,57,1,0
BRDA:653,58,0,0
BRDA:653,58,1,0
BRDA:653,59,0,0
BRDA:653,59,1,0
BRDA:658,60,0,0
BRDA:658,60,1,0
BRDA:658,61,0,0
BRDA:658,61,1,0
BRDA:668,62,0,0
BRDA:668,62,1,0
BRDA:689,63,0,0
BRDA:689,63,1,0
BRDA:690,64,0,0
BRDA:690,64,1,0
BRDA:710,65,0,0
BRDA:710,65,1,0
BRDA:711,66,0,0
BRDA:711,66,1,0
BRDA:725,67,0,0
BRDA:725,67,1,0
BRDA:731,68,0,0
BRDA:731,68,1,0
BRDA:731,69,0,0
BRDA:731,69,1,0
BRDA:738,70,0,0
BRDA:738,70,1,0
BRDA:739,71,0,0
BRDA:739,71,1,0
BRDA:762,72,0,0
BRDA:762,72,1,0
BRDA:762,73,0,0
BRDA:762,73,1,0
BRDA:773,74,0,0
BRDA:773,74,1,0
BRDA:775,75,0,0
BRDA:775,75,1,0
BRDA:777,76,0,0
BRDA:777,76,1,0
BRDA:781,77,0,0
BRDA:781,77,1,0
BRDA:782,78,0,0
BRDA:782,78,1,0
BRDA:783,79,0,0
BRDA:783,79,1,0
BRDA:786,80,0,0
BRDA:786,80,1,0
BRDA:789,81,0,0
BRDA:789,81,1,0
BRDA:806,82,0,0
BRDA:806,82,1,0
BRDA:808,83,0,0
BRDA:808,83,1,0
BRDA:821,84,0,0
BRDA:821,84,1,0
BRDA:821,85,0,0
BRDA:821,85,1,0
BRDA:822,86,0,0
BRDA:822,86,1,0
BRDA:822,87,0,0
BRDA:822,87,1,0
BRDA:824,88,0,0
BRDA:824,88,1,0
BRDA:825,89,0,0
BRDA:825,89,1,0
BRDA:843,90,0,0
BRDA:843,90,1,0
BRDA:843,91,0,0
BRDA:843,91,1,0
BRDA:849,92,0,0
BRDA:849,92,1,0
BRDA:852,93,0,0
BRDA:852,93,1,0
BRDA:859,94,0,0
BRDA:859,94,1,0
BRDA:875,95,0,0
BRDA:875,95,1,0
BRDA:882,96,0,0
BRDA:882,96,1,0
BRDA:883,97,0,0
BRDA:883,97,1,0
BRDA:892,98,0,0
BRDA:892,98,1,0
BRDA:892,99,0,0
BRDA:892,99,1,0
BRDA:898,100,0,0
BRDA:898,100,1,0
BRDA:898,100,2,0
BRDA:903,101,0,0
BRDA:903,101,1,0
BRDA:904,102,0,0
BRDA:904,102,1,0
BRDA:919,103,0,0
BRDA:919,103,1,0
BRDA:931,104,0,0
BRDA:931,104,1,0
BRDA:931,105,0,0
BRDA:931,105,1,0
BRDA:933,106,0,0
BRDA:933,106,1,0
BRDA:934,107,0,0
BRDA:934,107,1,0
BRDA:935,108,0,0
BRDA:935,108,1,0
BRDA:936,109,0,0
BRDA:936,109,1,0
BRDA:937,110,0,0
BRDA:937,110,1,0
BRDA:938,111,0,0
BRDA:938,111,1,0
BRDA:939,112,0,0
BRDA:939,112,1,0
BRDA:940,113,0,0
BRDA:940,113,1,0
BRDA:948,114,0,0
BRDA:948,114,1,0
BRDA:948,114,2,0
BRDA:953,115,0,0
BRDA:953,115,1,0
BRDA:960,116,0,0
BRDA:960,116,1,0
BRDA:960,117,0,0
BRDA:960,117,1,0
BRDA:960,117,2,0
BRDA:999,118,0,0
BRDA:999,118,1,0
BRDA:1000,119,0,0
BRDA:1000,119,1,0
BRDA:1012,120,0,0
BRDA:1012,120,1,0
BRDA:1016,121,0,0
BRDA:1016,121,1,0
BRDA:1017,122,0,0
BRDA:1017,122,1,0
BRDA:1029,123,0,0
BRDA:1029,123,1,0
BRDA:1030,124,0,0
BRDA:1030,124,1,0
BRDA:1055,125,0,0
BRDA:1055,125,1,0
BRDA:1056,126,0,0
BRDA:1056,126,1,0
BRDA:1057,127,0,0
BRDA:1057,127,1,0
BRDA:1058,128,0,0
BRDA:1058,128,1,0
BRDA:1082,129,0,0
BRDA:1082,129,1,0
BRDA:1086,130,0,0
BRDA:1086,131,0,0
BRDA:1090,132,0,0
BRDA:1090,132,1,0
BRDA:1090,133,0,0
BRDA:1090,133,1,0
BRDA:1091,134,0,0
BRDA:1091,134,1,0
BRDA:1091,135,0,0
BRDA:1091,135,1,0
BRDA:1092,136,0,0
BRDA:1092,136,1,0
BRDA:1093,137,0,0
BRDA:1093,137,1,0
BRDA:1099,138,0,0
BRDA:1099,138,1,0
BRDA:1101,139,0,0
BRDA:1101,139,1,0
BRDA:1102,140,0,0
BRDA:1102,140,1,0
BRDA:1103,141,0,0
BRDA:1103,141,1,0
BRDA:1104,142,0,0
BRDA:1104,142,1,0
BRDA:1110,143,0,0
BRDA:1110,143,1,0
BRDA:1113,144,0,0
BRDA:1113,144,1,0
BRDA:1114,145,0,0
BRDA:1114,145,1,0
BRDA:1127,146,0,0
BRDA:1127,146,1,0
BRDA:1133,147,0,0
BRDA:1133,147,1,0
BRDA:1139,148,0,0
BRDA:1139,148,1,0
BRDA:1141,149,0,0
BRDA:1141,149,1,0
BRDA:1142,150,0,0
BRDA:1142,150,1,0
BRDA:1143,151,0,0
BRDA:1143,151,1,0
BRDA:1144,152,0,0
BRDA:1144,152,1,0
BRDA:1154,153,0,0
BRDA:1154,153,1,0
BRDA:1172,154,0,0
BRDA:1172,154,1,0
BRDA:1179,155,0,0
BRDA:1179,155,1,0
BRDA:1179,156,0,0
BRDA:1179,156,1,0
BRDA:1186,157,0,0
BRDA:1186,157,1,0
BRDA:1187,158,0,0
BRDA:1187,158,1,0
BRDA:1188,159,0,0
BRDA:1188,159,1,0
BRDA:1189,160,0,0
BRDA:1189,160,1,0
BRDA:1190,161,0,0
BRDA:1190,161,1,0
BRDA:1191,162,0,0
BRDA:1191,162,1,0
BRDA:1192,163,0,0
BRDA:1192,163,1,0
BRDA:1193,164,0,0
BRDA:1193,164,1,0
BRDA:1196,165,0,0
BRDA:1196,165,1,0
BRDA:1207,166,0,0
BRDA:1207,166,1,0
BRDA:1225,167,0,0
BRDA:1225,167,1,0
BRDA:1229,168,0,0
BRDA:1236,169,0,0
BRDA:1236,169,1,0
BRDA:1242,170,0,0
BRDA:1242,170,1,0
BRDA:1246,171,0,0
BRDA:1246,171,1,0
BRDA:1259,172,0,0
BRDA:1259,172,1,0
BRDA:1264,173,0,0
BRDA:1264,173,1,0
BRDA:1264,174,0,0
BRDA:1264,174,1,0
BRDA:1276,175,0,0
BRDA:1276,175,1,0
BRDA:1293,176,0,0
BRDA:1293,176,1,0
BRDA:1293,176,2,0
BRDA:1296,177,0,0
BRDA:1296,177,1,0
BRDA:1303,178,0,0
BRDA:1303,178,1,0
BRDA:1309,179,0,0
BRDA:1309,179,1,0
BRDA:1314,180,0,0
BRDA:1314,180,1,0
BRDA:1327,181,0,0
BRDA:1327,181,1,0
BRDA:1329,182,0,0
BRDA:1329,182,1,0
BRDA:1353,183,0,0
BRDA:1353,183,1,0
BRDA:1380,184,0,0
BRDA:1380,184,1,0
BRDA:1388,185,0,0
BRDA:1388,185,1,0
BRDA:1401,186,0,0
BRDA:1401,186,1,0
BRDA:1403,187,0,0
BRDA:1403,187,1,0
BRDA:1406,188,0,0
BRDA:1406,188,1,0
BRDA:1406,189,0,0
BRDA:1406,189,1,0
BRDA:1406,189,2,0
BRDA:1406,189,3,0
BRDA:1412,190,0,0
BRDA:1412,190,1,0
BRDA:1412,191,0,0
BRDA:1412,191,1,0
BRDA:1419,192,0,0
BRDA:1419,192,1,0
BRDA:1425,193,0,0
BRDA:1425,193,1,0
BRDA:1427,194,0,0
BRDA:1427,194,1,0
BRDA:1434,195,0,0
BRDA:1434,195,1,0
BRDA:1434,196,0,0
BRDA:1434,196,1,0
BRDA:1440,197,0,0
BRDA:1440,197,1,0
BRDA:1440,198,0,0
BRDA:1440,198,1,0
BRDA:1449,199,0,0
BRDA:1449,199,1,0
BRDA:1449,200,0,0
BRDA:1449,200,1,0
BRDA:1449,200,2,0
BRDA:1454,201,0,0
BRDA:1454,201,1,0
BRDA:1458,202,0,0
BRDA:1458,202,1,0
BRDA:1460,203,0,0
BRDA:1460,203,1,0
BRDA:1469,204,0,0
BRDA:1469,204,1,0
BRDA:1479,205,0,0
BRDA:1479,205,1,0
BRDA:1480,206,0,0
BRDA:1480,206,1,0
BRDA:1481,207,0,0
BRDA:1481,207,1,0
BRDA:1485,208,0,0
BRDA:1485,208,1,0
BRDA:1489,209,0,0
BRDA:1489,209,1,0
BRDA:1504,210,0,0
BRDA:1504,210,1,0
BRDA:1511,211,0,0
BRDA:1511,211,1,0
BRDA:1523,212,0,0
BRDA:1523,212,1,0
BRDA:1525,213,0,0
BRDA:1525,213,1,0
BRDA:1527,214,0,0
BRDA:1527,214,1,0
BRDA:1527,215,0,0
BRDA:1527,215,1,0
BRDA:1533,216,0,0
BRDA:1533,216,1,0
BRDA:1533,217,0,0
BRDA:1533,217,1,0
BRDA:1533,217,2,0
BRDA:1533,217,3,0
BRDA:1539,218,0,0
BRDA:1539,218,1,0
BRDA:1539,219,0,0
BRDA:1539,219,1,0
BRDA:1546,220,0,0
BRDA:1546,220,1,0
BRDA:1552,221,0,0
BRDA:1552,221,1,0
BRDA:1554,222,0,0
BRDA:1554,222,1,0
BRDA:1561,223,0,0
BRDA:1561,223,1,0
BRDA:1561,224,0,0
BRDA:1561,224,1,0
BRDA:1567,225,0,0
BRDA:1567,225,1,0
BRDA:1567,226,0,0
BRDA:1567,226,1,0
BRDA:1574,227,0,0
BRDA:1574,227,1,0
BRDA:1574,228,0,0
BRDA:1574,228,1,0
BRDA:1574,228,2,0
BRDA:1579,229,0,0
BRDA:1579,229,1,0
BRDA:1582,230,0,0
BRDA:1582,230,1,0
BRDA:1584,231,0,0
BRDA:1584,231,1,0
BRDA:1593,232,0,0
BRDA:1593,232,1,0
BRDA:1603,233,0,0
BRDA:1603,233,1,0
BRDA:1604,234,0,0
BRDA:1604,234,1,0
BRDA:1605,235,0,0
BRDA:1605,235,1,0
BRDA:1609,236,0,0
BRDA:1609,236,1,0
BRDA:1612,237,0,0
BRDA:1612,237,1,0
BRDA:1630,238,0,0
BRDA:1630,238,1,0
BRDA:1636,239,0,0
BRDA:1636,239,1,0
BRDA:1641,240,0,0
BRDA:1641,240,1,0
BRDA:1642,241,0,0
BRDA:1642,241,1,0
BRDA:1649,242,0,0
BRDA:1649,242,1,0
BRDA:1649,243,0,0
BRDA:1649,243,1,0
BRDA:1650,244,0,0
BRDA:1650,244,1,0
BRDA:1657,245,0,0
BRDA:1657,245,1,0
BRDA:1657,246,0,0
BRDA:1657,246,1,0
BRDA:1658,247,0,0
BRDA:1658,247,1,0
BRDA:1668,248,0,0
BRDA:1668,248,1,0
BRDA:1668,249,0,0
BRDA:1668,249,1,0
BRDA:1668,249,2,0
BRDA:1681,250,0,0
BRDA:1681,250,1,0
BRDA:1684,251,0,0
BRDA:1684,251,1,0
BRDA:1723,252,0,0
BRDA:1723,252,1,0
BRDA:1727,253,0,0
BRDA:1727,253,1,0
BRDA:1742,254,0,0
BRDA:1742,254,1,0
BRDA:1758,255,0,0
BRDA:1758,255,1,0
BRDA:1778,256,0,0
BRDA:1778,256,1,0
BRDA:1797,257,0,0
BRDA:1797,257,1,0
BRDA:1830,258,0,0
BRDA:1830,258,1,0
BRDA:1835,259,0,0
BRDA:1835,259,1,0
BRDA:1835,260,0,0
BRDA:1835,260,1,0
BRDA:1840,261,0,0
BRDA:1840,261,1,0
BRDA:1846,262,0,0
BRDA:1846,262,1,0
BRDA:1850,263,0,0
BRDA:1850,263,1,0
BRDA:1850,264,0,0
BRDA:1850,264,1,0
BRDA:1854,265,0,0
BRDA:1854,265,1,0
BRDA:1854,266,0,0
BRDA:1854,266,1,0
BRDA:1858,267,0,0
BRDA:1858,267,1,0
BRDA:1858,268,0,0
BRDA:1858,268,1,0
BRDA:1865,269,0,0
BRDA:1865,269,1,0
BRDA:1865,270,0,0
BRDA:1865,270,1,0
BRDA:1871,271,0,0
BRDA:1871,271,1,0
BRDA:1874,272,0,0
BRDA:1874,272,1,0
BRDA:1874,273,0,0
BRDA:1874,273,1,0
BRDA:1877,274,0,0
BRDA:1877,274,1,0
BRDA:1877,275,0,0
BRDA:1877,275,1,0
BRDA:1888,276,0,0
BRDA:1888,276,1,0
BRDA:1900,277,0,0
BRDA:1900,277,1,0
BRDA:1906,278,0,0
BRDA:1906,278,1,0
BRDA:1918,279,0,0
BRDA:1918,279,1,0
BRDA:1921,280,0,0
BRDA:1921,280,1,0
BRDA:1930,281,0,0
BRDA:1930,281,1,0
BRDA:1960,282,0,0
BRDA:1960,282,1,0
BRDA:1969,283,0,0
BRDA:1969,283,1,0
BRDA:1972,284,0,0
BRDA:1972,284,1,0
BRDA:1973,285,0,0
BRDA:1973,285,1,0
BRDA:1991,286,0,0
BRDA:1991,286,1,0
BRDA:1992,287,0,0
BRDA:1992,287,1,0
BRDA:2005,288,0,0
BRDA:2005,288,1,0
BRDA:2005,289,0,0
BRDA:2005,289,1,0
BRDA:2014,290,0,0
BRDA:2014,290,1,0
BRDA:2014,291,0,0
BRDA:2014,291,1,0
BRDA:2042,292,0,0
BRDA:2042,292,1,0
BRDA:2047,293,0,0
BRDA:2047,293,1,0
BRDA:2048,294,0,0
BRDA:2048,294,1,0
BRDA:2056,295,0,0
BRDA:2056,295,1,0
BRDA:2059,296,0,0
BRDA:2059,296,1,0
BRDA:2060,297,0,0
BRDA:2060,297,1,0
BRDA:2065,298,0,0
BRDA:2065,298,1,0
BRDA:2068,299,0,0
BRDA:2068,299,1,0
BRDA:2069,300,0,0
BRDA:2069,300,1,0
BRDA:2070,301,0,0
BRDA:2070,301,1,0
BRDA:2070,301,2,0
BRDA:2071,302,0,0
BRDA:2071,302,1,0
BRDA:2072,303,0,0
BRDA:2072,303,1,0
BRDA:2094,304,0,0
BRDA:2094,304,1,0
BRDA:2099,305,0,0
BRDA:2099,305,1,0
BRDA:2102,306,0,0
BRDA:2102,306,1,0
BRDA:2102,307,0,0
BRDA:2102,307,1,0
BRDA:2123,308,0,0
BRDA:2123,308,1,0
BRDA:2144,309,0,0
BRDA:2144,309,1,0
BRDA:2148,310,0,0
BRDA:2148,310,1,0
BRDA:2149,311,0,0
BRDA:2149,311,1,0
BRDA:2149,312,0,0
BRDA:2149,312,1,0
BRDA:2157,313,0,0
BRDA:2157,313,1,0
BRDA:2157,314,0,0
BRDA:2157,314,1,0
BRDA:2180,315,0,0
BRDA:2180,315,1,0
BRDA:2184,316,0,0
BRDA:2185,317,0,0
BRDA:2185,317,1,0
BRDA:2187,318,0,0
BRDA:2187,318,1,0
BRDA:2197,319,0,0
BRDA:2197,319,1,0
BRDA:2205,320,0,0
BRDA:2205,320,1,0
BRDA:2219,321,0,0
BRDA:2219,321,1,0
BRDA:2223,322,0,0
BRDA:2223,322,1,0
BRDA:2231,323,0,0
BRDA:2231,323,1,0
BRDA:2238,324,0,0
BRDA:2238,324,1,0
BRDA:2252,325,0,0
BRDA:2252,325,1,0
BRDA:2260,326,0,0
BRDA:2260,326,1,0
BRDA:2269,327,0,0
BRDA:2269,327,1,0
BRDA:2280,328,0,0
BRDA:2280,328,1,0
BRDA:2295,329,0,0
BRDA:2295,329,1,0
BRDA:2309,330,0,0
BRDA:2309,330,1,0
BRDA:2312,331,0,0
BRDA:2312,331,1,0
BRDA:2333,332,0,0
BRDA:2333,332,1,0
BRDA:2338,333,0,0
BRDA:2338,333,1,0
BRDA:2349,334,0,0
BRDA:2349,334,1,0
BRDA:2363,335,0,0
BRDA:2363,335,1,0
BRDA:2368,336,0,0
BRDA:2368,336,1,0
BRDA:2376,337,0,0
BRDA:2376,337,1,0
BRDA:2397,338,0,0
BRDA:2397,338,1,0
BRDA:2404,339,0,0
BRDA:2404,339,1,0
BRDA:2408,340,0,0
BRDA:2408,340,1,0
BRDA:2413,341,0,0
BRDA:2413,341,1,0
BRDA:2415,342,0,0
BRDA:2415,342,1,0
BRDA:2415,343,0,0
BRDA:2415,343,1,0
BRDA:2425,344,0,0
BRDA:2425,344,1,0
BRDA:2451,345,0,0
BRDA:2451,345,1,0
BRDA:2458,346,0,0
BRDA:2458,346,1,0
BRDA:2458,347,0,0
BRDA:2458,347,1,0
BRDA:2463,348,0,0
BRDA:2463,348,1,0
BRDA:2468,349,0,0
BRDA:2468,349,1,0
BRDA:2482,350,0,0
BRDA:2482,350,1,0
BRDA:2489,351,0,0
BRDA:2489,351,1,0
BRDA:2494,352,0,0
BRDA:2494,352,1,0
BRDA:2494,353,0,0
BRDA:2494,353,1,0
BRDA:2527,354,0,0
BRDA:2527,354,1,0
BRDA:2532,355,0,0
BRDA:2532,355,1,0
BRDA:2538,356,0,0
BRDA:2538,356,1,0
BRDA:2539,357,0,0
BRDA:2539,357,1,0
BRDA:2539,358,0,0
BRDA:2539,358,1,0
BRDA:2542,359,0,0
BRDA:2542,359,1,0
BRDA:2552,360,0,0
BRDA:2552,360,1,0
BRDA:2553,361,0,0
BRDA:2553,361,1,0
BRDA:2559,362,0,0
BRDA:2559,362,1,0
BRDA:2575,363,0,0
BRDA:2575,363,1,0
BRDA:2580,364,0,0
BRDA:2580,364,1,0
BRDA:2580,365,0,0
BRDA:2580,365,1,0
BRDA:2608,366,0,0
BRDA:2608,366,1,0
BRDA:2612,367,0,0
BRDA:2612,367,1,0
BRDA:2613,368,0,0
BRDA:2613,368,1,0
BRDA:2638,369,0,0
BRDA:2638,369,1,0
BRDA:2640,370,0,0
BRDA:2640,370,1,0
BRDA:2644,371,0,0
BRDA:2644,371,1,0
BRDA:2644,372,0,0
BRDA:2644,372,1,0
BRDA:2648,373,0,0
BRDA:2648,373,1,0
BRDA:2650,374,0,0
BRDA:2650,374,1,0
BRDA:2672,375,0,0
BRDA:2672,375,1,0
BRDA:2689,376,0,0
BRDA:2689,376,1,0
BRDA:2693,377,0,0
BRDA:2693,377,1,0
BRDA:2694,378,0,0
BRDA:2694,378,1,0
BRDA:2715,379,0,0
BRDA:2715,379,1,0
BRDA:2716,380,0,0
BRDA:2716,380,1,0
BRDA:2717,381,0,0
BRDA:2717,381,1,0
BRDA:2720,382,0,0
BRDA:2720,382,1,0
BRDA:2743,383,0,0
BRDA:2743,383,1,0
BRDA:2748,384,0,0
BRDA:2748,384,1,0
BRDA:2785,385,0,0
BRDA:2785,385,1,0
BRDA:2789,386,0,0
BRDA:2789,386,1,0
BRDA:2790,387,0,0
BRDA:2790,387,1,0
BRDA:2791,388,0,0
BRDA:2791,388,1,0
BRDA:2794,389,0,0
BRDA:2794,389,1,0
BRDA:2809,390,0,0
BRDA:2809,390,1,0
BRDA:2814,391,0,0
BRDA:2814,391,1,0
BRDA:2822,392,0,0
BRDA:2822,392,1,0
BRDA:2822,393,0,0
BRDA:2822,393,1,0
BRDA:2826,394,0,0
BRDA:2826,394,1,0
BRDA:2826,395,0,0
BRDA:2826,395,1,0
BRDA:2828,396,0,0
BRDA:2828,396,1,0
BRDA:2828,397,0,0
BRDA:2828,397,1,0
BRDA:2830,398,0,0
BRDA:2830,398,1,0
BRDA:2830,399,0,0
BRDA:2830,399,1,0
BRDA:2832,400,0,0
BRDA:2832,400,1,0
BRDA:2832,401,0,0
BRDA:2832,401,1,0
BRDA:2839,402,0,0
BRDA:2839,402,1,0
BRDA:2864,403,0,0
BRDA:2864,403,1,0
BRDA:2869,404,0,0
BRDA:2869,404,1,0
BRDA:2874,405,0,0
BRDA:2874,405,1,0
BRDA:2884,406,0,0
BRDA:2884,406,1,0
BRDA:2899,407,0,0
BRDA:2899,407,1,0
BRDA:2904,408,0,0
BRDA:2904,408,1,0
BRDA:2918,409,0,0
BRDA:2918,409,1,0
BRDA:2919,410,0,0
BRDA:2919,410,1,0
BRDA:2920,411,0,0
BRDA:2920,411,1,0
BRDA:2921,412,0,0
BRDA:2921,412,1,0
BRDA:2922,413,0,0
BRDA:2922,413,1,0
BRDA:2923,414,0,0
BRDA:2923,414,1,0
BRDA:2924,415,0,0
BRDA:2924,415,1,0
BRDA:2960,416,0,0
BRDA:2960,416,1,0
BRDA:2965,417,0,0
BRDA:2965,417,1,0
BRDA:2972,418,0,0
BRDA:2972,418,1,0
BRDA:2973,419,0,0
BRDA:2973,419,1,0
BRDA:2974,420,0,0
BRDA:2974,420,1,0
BRDA:2975,421,0,0
BRDA:2975,421,1,0
BRDA:2999,422,0,0
BRDA:2999,422,1,0
BRDA:3004,423,0,0
BRDA:3004,423,1,0
BRDA:3009,424,0,0
BRDA:3009,424,1,0
BRDA:3009,425,0,0
BRDA:3009,425,1,0
BRDA:3035,426,0,0
BRDA:3035,426,1,0
BRDA:3064,427,0,0
BRDA:3064,427,1,0
BRDA:3068,428,0,0
BRDA:3068,428,1,0
BRDA:3069,429,0,0
BRDA:3069,429,1,0
BRDA:3091,430,0,0
BRDA:3091,430,1,0
BRDA:3107,431,0,0
BRDA:3107,431,1,0
BRDA:3113,432,0,0
BRDA:3113,432,1,0
BRDA:3113,433,0,0
BRDA:3113,433,1,0
BRDA:3113,433,2,0
BRDA:3122,434,0,0
BRDA:3122,434,1,0
BRDA:3123,435,0,0
BRDA:3123,435,1,0
BRDA:3146,436,0,0
BRDA:3146,436,1,0
BRDA:3156,437,0,0
BRDA:3156,437,1,0
BRDA:3178,438,0,0
BRDA:3178,438,1,0
BRDA:3184,439,0,0
BRDA:3184,439,1,0
BRDA:3184,440,0,0
BRDA:3184,440,1,0
BRDA:3189,441,0,0
BRDA:3189,441,1,0
BRDA:3217,442,0,0
BRDA:3217,442,1,0
BRDA:3221,443,0,0
BRDA:3221,444,0,0
BRDA:3225,445,0,0
BRDA:3225,445,1,0
BRDA:3226,446,0,0
BRDA:3226,446,1,0
BRDA:3231,447,0,0
BRDA:3231,447,1,0
BRDA:3232,448,0,0
BRDA:3232,448,1,0
BRDA:3245,449,0,0
BRDA:3245,449,1,0
BRDA:3251,450,0,0
BRDA:3251,450,1,0
BRDA:3258,451,0,0
BRDA:3258,451,1,0
BRDA:3259,452,0,0
BRDA:3259,452,1,0
BRDA:3260,453,0,0
BRDA:3260,453,1,0
BRDA:3261,454,0,0
BRDA:3261,454,1,0
BRDA:3262,455,0,0
BRDA:3262,455,1,0
BRDA:3263,456,0,0
BRDA:3263,456,1,0
BRDA:3264,457,0,0
BRDA:3264,457,1,0
BRDA:3265,458,0,0
BRDA:3265,458,1,0
BRDA:3279,459,0,0
BRDA:3279,459,1,0
BRDA:3283,460,0,0
BRDA:3283,461,0,0
BRDA:3287,462,0,0
BRDA:3287,462,1,0
BRDA:3288,463,0,0
BRDA:3288,463,1,0
BRDA:3293,464,0,0
BRDA:3293,464,1,0
BRDA:3294,465,0,0
BRDA:3294,465,1,0
BRDA:3307,466,0,0
BRDA:3307,466,1,0
BRDA:3313,467,0,0
BRDA:3313,467,1,0
BRDA:3320,468,0,0
BRDA:3320,468,1,0
BRDA:3321,469,0,0
BRDA:3321,469,1,0
BRDA:3322,470,0,0
BRDA:3322,470,1,0
BRDA:3323,471,0,0
BRDA:3323,471,1,0
BRDA:3324,472,0,0
BRDA:3324,472,1,0
BRDA:3325,473,0,0
BRDA:3325,473,1,0
BRDA:3326,474,0,0
BRDA:3326,474,1,0
BRDA:3327,475,0,0
BRDA:3327,475,1,0
BRDA:3343,476,0,0
BRDA:3343,476,1,0
BRDA:3343,476,2,0
BRDA:3345,477,0,0
BRDA:3345,477,1,0
BRDA:3354,478,0,0
BRDA:3354,478,1,0
BRDA:3359,479,0,0
BRDA:3359,479,1,0
BRDA:3360,480,0,0
BRDA:3360,480,1,0
BRDA:3369,481,0,0
BRDA:3369,481,1,0
BRDA:3372,482,0,0
BRDA:3372,482,1,0
BRDA:3372,483,0,0
BRDA:3372,483,1,0
BRDA:3376,484,0,0
BRDA:3376,484,1,0
BRDA:3382,485,0,0
BRDA:3382,485,1,0
BRDA:3403,486,0,0
BRDA:3403,486,1,0
BRDA:3407,487,0,0
BRDA:3407,488,0,0
BRDA:3408,489,0,0
BRDA:3408,489,1,0
BRDA:3409,490,0,0
BRDA:3409,490,1,0
BRDA:3416,491,0,0
BRDA:3416,491,1,0
BRDA:3435,492,0,0
BRDA:3435,492,1,0
BRDA:3440,493,0,0
BRDA:3440,493,1,0
BRDA:3441,494,0,0
BRDA:3441,494,1,0
BRDA:3446,495,0,0
BRDA:3446,495,1,0
BRF:998
BRH:13
end_of_record
TN:
SF:server/storage.ts
FN:197,(anonymous_0)
FN:202,(anonymous_1)
FN:207,(anonymous_2)
FN:215,(anonymous_3)
FN:225,(anonymous_4)
FN:233,(anonymous_5)
FN:241,(anonymous_6)
FN:249,(anonymous_7)
FN:254,(anonymous_8)
FN:259,(anonymous_9)
FN:267,(anonymous_10)
FN:276,(anonymous_11)
FN:293,(anonymous_12)
FN:334,(anonymous_13)
FN:356,(anonymous_14)
FN:388,(anonymous_15)
FN:397,(anonymous_16)
FN:429,(anonymous_17)
FN:438,(anonymous_18)
FN:443,(anonymous_19)
FN:451,(anonymous_20)
FN:518,(anonymous_21)
FN:524,(anonymous_22)
FN:532,(anonymous_23)
FN:542,(anonymous_24)
FN:550,(anonymous_25)
FN:558,(anonymous_26)
FN:563,(anonymous_27)
FN:573,(anonymous_28)
FN:581,(anonymous_29)
FN:589,(anonymous_30)
FN:599,(anonymous_31)
FN:609,(anonymous_32)
FN:624,(anonymous_33)
FN:634,(anonymous_34)
FN:642,(anonymous_35)
FN:650,(anonymous_36)
FN:660,(anonymous_37)
FN:705,(anonymous_38)
FN:736,(anonymous_39)
FN:744,(anonymous_40)
FN:757,(anonymous_41)
FN:770,(anonymous_42)
FN:791,(anonymous_43)
FN:818,(anonymous_44)
FN:829,(anonymous_45)
FN:841,(anonymous_46)
FN:851,(anonymous_47)
FN:859,(anonymous_48)
FN:867,(anonymous_49)
FN:885,(anonymous_50)
FN:893,(anonymous_51)
FN:901,(anonymous_52)
FN:910,(anonymous_53)
FN:931,(anonymous_54)
FN:939,(anonymous_55)
FN:957,(anonymous_56)
FN:965,(anonymous_57)
FN:972,(anonymous_58)
FN:980,(anonymous_59)
FN:990,(anonymous_60)
FN:997,(anonymous_61)
FN:1006,(anonymous_62)
FN:1014,(anonymous_63)
FN:1024,(anonymous_64)
FN:1032,(anonymous_65)
FN:1041,(anonymous_66)
FN:1048,(anonymous_67)
FN:1056,(anonymous_68)
FN:1065,(anonymous_69)
FN:1073,(anonymous_70)
FN:1082,(anonymous_71)
FN:1089,(anonymous_72)
FN:1090,(anonymous_73)
FN:1096,(anonymous_74)
FN:1104,(anonymous_75)
FN:1130,(anonymous_76)
FN:1142,(anonymous_77)
FN:1159,(anonymous_78)
FN:1190,(anonymous_79)
FN:1197,(anonymous_80)
FN:1222,(anonymous_81)
FN:1237,(anonymous_82)
FN:1247,(anonymous_83)
FNF:84
FNH:4
FNDA:1,(anonymous_0)
FNDA:5,(anonymous_1)
FNDA:2,(anonymous_2)
FNDA:0,(anonymous_3)
FNDA:1,(anonymous_4)
FNDA:0,(anonymous_5)
FNDA:0,(anonymous_6)
FNDA:0,(anonymous_7)
FNDA:0,(anonymous_8)
FNDA:0,(anonymous_9)
FNDA:0,(anonymous_10)
FNDA:0,(anonymous_11)
FNDA:0,(anonymous_12)
FNDA:0,(anonymous_13)
FNDA:0,(anonymous_14)
FNDA:0,(anonymous_15)
FNDA:0,(anonymous_16)
FNDA:0,(anonymous_17)
FNDA:0,(anonymous_18)
FNDA:0,(anonymous_19)
FNDA:0,(anonymous_20)
FNDA:0,(anonymous_21)
FNDA:0,(anonymous_22)
FNDA:0,(anonymous_23)
FNDA:0,(anonymous_24)
FNDA:0,(anonymous_25)
FNDA:0,(anonymous_26)
FNDA:0,(anonymous_27)
FNDA:0,(anonymous_28)
FNDA:0,(anonymous_29)
FNDA:0,(anonymous_30)
FNDA:0,(anonymous_31)
FNDA:0,(anonymous_32)
FNDA:0,(anonymous_33)
FNDA:0,(anonymous_34)
FNDA:0,(anonymous_35)
FNDA:0,(anonymous_36)
FNDA:0,(anonymous_37)
FNDA:0,(anonymous_38)
FNDA:0,(anonymous_39)
FNDA:0,(anonymous_40)
FNDA:0,(anonymous_41)
FNDA:0,(anonymous_42)
FNDA:0,(anonymous_43)
FNDA:0,(anonymous_44)
FNDA:0,(anonymous_45)
FNDA:0,(anonymous_46)
FNDA:0,(anonymous_47)
FNDA:0,(anonymous_48)
FNDA:0,(anonymous_49)
FNDA:0,(anonymous_50)
FNDA:0,(anonymous_51)
FNDA:0,(anonymous_52)
FNDA:0,(anonymous_53)
FNDA:0,(anonymous_54)
FNDA:0,(anonymous_55)
FNDA:0,(anonymous_56)
FNDA:0,(anonymous_57)
FNDA:0,(anonymous_58)
FNDA:0,(anonymous_59)
FNDA:0,(anonymous_60)
FNDA:0,(anonymous_61)
FNDA:0,(anonymous_62)
FNDA:0,(anonymous_63)
FNDA:0,(anonymous_64)
FNDA:0,(anonymous_65)
FNDA:0,(anonymous_66)
FNDA:0,(anonymous_67)
FNDA:0,(anonymous_68)
FNDA:0,(anonymous_69)
FNDA:0,(anonymous_70)
FNDA:0,(anonymous_71)
FNDA:0,(anonymous_72)
FNDA:0,(anonymous_73)
FNDA:0,(anonymous_74)
FNDA:0,(anonymous_75)
FNDA:0,(anonymous_76)
FNDA:0,(anonymous_77)
FNDA:0,(anonymous_78)
FNDA:0,(anonymous_79)
FNDA:0,(anonymous_80)
FNDA:0,(anonymous_81)
FNDA:0,(anonymous_82)
FNDA:0,(anonymous_83)
DA:198,1
DA:199,1
DA:203,5
DA:204,5
DA:208,2
DA:212,2
DA:216,0
DA:221,0
DA:226,1
DA:230,1
DA:234,0
DA:238,0
DA:242,0
DA:250,0
DA:251,0
DA:255,0
DA:256,0
DA:260,0
DA:264,0
DA:268,0
DA:273,0
DA:277,0
DA:290,0
DA:294,0
DA:295,0
DA:297,0
DA:299,0
DA:300,0
DA:302,0
DA:303,0
DA:305,0
DA:306,0
DA:308,0
DA:309,0
DA:310,0
DA:315,0
DA:317,0
DA:331,0
DA:335,0
DA:337,0
DA:352,0
DA:357,0
DA:358,0
DA:360,0
DA:362,0
DA:363,0
DA:364,0
DA:369,0
DA:371,0
DA:385,0
DA:389,0
DA:393,0
DA:398,0
DA:399,0
DA:401,0
DA:403,0
DA:404,0
DA:405,0
DA:410,0
DA:412,0
DA:426,0
DA:430,0
DA:434,0
DA:439,0
DA:440,0
DA:444,0
DA:455,0
DA:457,0
DA:459,0
DA:460,0
DA:463,0
DA:464,0
DA:465,0
DA:469,0
DA:470,0
DA:471,0
DA:472,0
DA:473,0
DA:477,0
DA:478,0
DA:481,0
DA:482,0
DA:485,0
DA:486,0
DA:489,0
DA:490,0
DA:493,0
DA:494,0
DA:497,0
DA:499,0
DA:504,0
DA:512,0
DA:519,0
DA:520,0
DA:521,0
DA:525,0
DA:529,0
DA:533,0
DA:538,0
DA:543,0
DA:544,0
DA:551,0
DA:559,0
DA:560,0
DA:564,0
DA:569,0
DA:574,0
DA:578,0
DA:582,0
DA:590,0
DA:596,0
DA:600,0
DA:605,0
DA:610,0
DA:621,0
DA:625,0
DA:631,0
DA:635,0
DA:639,0
DA:643,0
DA:651,0
DA:656,0
DA:661,0
DA:662,0
DA:663,0
DA:667,0
DA:678,0
DA:680,0
DA:688,0
DA:692,0
DA:702,0
DA:706,0
DA:717,0
DA:718,0
DA:730,0
DA:737,0
DA:741,0
DA:745,0
DA:758,0
DA:767,0
DA:771,0
DA:772,0
DA:774,0
DA:788,0
DA:792,0
DA:800,0
DA:811,0
DA:819,0
DA:826,0
DA:830,0
DA:838,0
DA:842,0
DA:847,0
DA:852,0
DA:856,0
DA:860,0
DA:864,0
DA:868,0
DA:872,0
DA:879,0
DA:886,0
DA:890,0
DA:894,0
DA:898,0
DA:902,0
DA:907,0
DA:911,0
DA:912,0
DA:913,0
DA:921,0
DA:923,0
DA:927,0
DA:932,0
DA:936,0
DA:940,0
DA:944,0
DA:951,0
DA:958,0
DA:966,0
DA:973,0
DA:977,0
DA:981,0
DA:986,0
DA:991,0
DA:998,0
DA:1002,0
DA:1007,0
DA:1011,0
DA:1015,0
DA:1025,0
DA:1029,0
DA:1033,0
DA:1038,0
DA:1042,0
DA:1049,0
DA:1053,0
DA:1057,0
DA:1062,0
DA:1066,0
DA:1070,0
DA:1074,0
DA:1079,0
DA:1083,0
DA:1088,0
DA:1089,0
DA:1090,0
DA:1092,0
DA:1097,0
DA:1101,0
DA:1105,0
DA:1109,0
DA:1110,0
DA:1112,0
DA:1114,0
DA:1119,0
DA:1127,0
DA:1131,0
DA:1139,0
DA:1143,0
DA:1148,0
DA:1149,0
DA:1151,0
DA:1156,0
DA:1160,0
DA:1169,0
DA:1170,0
DA:1171,0
DA:1177,0
DA:1184,0
DA:1186,0
DA:1191,0
DA:1198,0
DA:1206,0
DA:1207,0
DA:1212,0
DA:1214,0
DA:1218,0
DA:1223,0
DA:1224,0
DA:1226,0
DA:1230,0
DA:1234,0
DA:1238,0
DA:1247,0
DA:1248,0
DA:1250,0
DA:1251,0
DA:1252,0
DA:1253,0
DA:1255,0
DA:1261,0
DA:1268,0
DA:1270,0
DA:1274,1
LF:254
LH:9
BRDA:199,0,0,1
BRDA:199,0,1,0
BRDA:204,1,0,5
BRDA:204,1,1,2
BRDA:221,2,0,0
BRDA:221,2,1,0
BRDA:238,3,0,0
BRDA:238,3,1,0
BRDA:251,4,0,0
BRDA:251,4,1,0
BRDA:256,5,0,0
BRDA:256,5,1,0
BRDA:273,6,0,0
BRDA:273,6,1,0
BRDA:299,7,0,0
BRDA:299,7,1,0
BRDA:302,8,0,0
BRDA:302,8,1,0
BRDA:305,9,0,0
BRDA:305,9,1,0
BRDA:308,10,0,0
BRDA:308,10,1,0
BRDA:315,11,0,0
BRDA:315,11,1,0
BRDA:331,12,0,0
BRDA:331,12,1,0
BRDA:335,13,0,0
BRDA:362,14,0,0
BRDA:362,14,1,0
BRDA:369,15,0,0
BRDA:369,15,1,0
BRDA:385,16,0,0
BRDA:385,16,1,0
BRDA:403,17,0,0
BRDA:403,17,1,0
BRDA:410,18,0,0
BRDA:410,18,1,0
BRDA:426,19,0,0
BRDA:426,19,1,0
BRDA:440,20,0,0
BRDA:440,20,1,0
BRDA:459,21,0,0
BRDA:459,21,1,0
BRDA:463,22,0,0
BRDA:463,22,1,0
BRDA:469,23,0,0
BRDA:469,23,1,0
BRDA:477,24,0,0
BRDA:477,24,1,0
BRDA:481,25,0,0
BRDA:481,25,1,0
BRDA:485,26,0,0
BRDA:485,26,1,0
BRDA:489,27,0,0
BRDA:489,27,1,0
BRDA:489,28,0,0
BRDA:489,28,1,0
BRDA:493,29,0,0
BRDA:493,29,1,0
BRDA:493,30,0,0
BRDA:493,30,1,0
BRDA:514,31,0,0
BRDA:514,31,1,0
BRDA:519,32,0,0
BRDA:519,32,1,0
BRDA:521,33,0,0
BRDA:521,33,1,0
BRDA:538,34,0,0
BRDA:538,34,1,0
BRDA:543,35,0,0
BRDA:543,35,1,0
BRDA:560,36,0,0
BRDA:560,36,1,0
BRDA:569,37,0,0
BRDA:569,37,1,0
BRDA:596,38,0,0
BRDA:596,38,1,0
BRDA:614,39,0,0
BRDA:614,39,1,0
BRDA:617,40,0,0
BRDA:617,40,1,0
BRDA:618,41,0,0
BRDA:618,41,1,0
BRDA:631,42,0,0
BRDA:631,42,1,0
BRDA:639,43,0,0
BRDA:639,43,1,0
BRDA:662,44,0,0
BRDA:662,44,1,0
BRDA:678,45,0,0
BRDA:678,45,1,0
BRDA:705,46,0,0
BRDA:717,47,0,0
BRDA:717,47,1,0
BRDA:717,48,0,0
BRDA:717,48,1,0
BRDA:744,49,0,0
BRDA:767,50,0,0
BRDA:767,50,1,0
BRDA:813,51,0,0
BRDA:813,51,1,0
BRDA:826,52,0,0
BRDA:826,52,1,0
BRDA:835,53,0,0
BRDA:835,53,1,0
BRDA:847,54,0,0
BRDA:847,54,1,0
BRDA:856,55,0,0
BRDA:856,55,1,0
BRDA:864,56,0,0
BRDA:864,56,1,0
BRDA:867,57,0,0
BRDA:867,58,0,0
BRDA:881,59,0,0
BRDA:881,59,1,0
BRDA:890,60,0,0
BRDA:890,60,1,0
BRDA:898,61,0,0
BRDA:898,61,1,0
BRDA:907,62,0,0
BRDA:907,62,1,0
BRDA:912,63,0,0
BRDA:912,63,1,0
BRDA:921,64,0,0
BRDA:921,64,1,0
BRDA:939,65,0,0
BRDA:939,66,0,0
BRDA:953,67,0,0
BRDA:953,67,1,0
BRDA:986,68,0,0
BRDA:986,68,1,0
BRDA:1011,69,0,0
BRDA:1011,69,1,0
BRDA:1038,70,0,0
BRDA:1038,70,1,0
BRDA:1053,71,0,0
BRDA:1053,71,1,0
BRDA:1062,72,0,0
BRDA:1062,72,1,0
BRDA:1070,73,0,0
BRDA:1070,73,1,0
BRDA:1079,74,0,0
BRDA:1079,74,1,0
BRDA:1089,75,0,0
BRDA:1089,75,1,0
BRDA:1090,76,0,0
BRDA:1090,76,1,0
BRDA:1104,77,0,0
BRDA:1104,78,0,0
BRDA:1109,79,0,0
BRDA:1109,79,1,0
BRDA:1127,80,0,0
BRDA:1127,80,1,0
BRDA:1139,81,0,0
BRDA:1139,81,1,0
BRDA:1148,82,0,0
BRDA:1148,82,1,0
BRDA:1184,83,0,0
BRDA:1184,83,1,0
BRDA:1206,84,0,0
BRDA:1206,84,1,0
BRDA:1224,85,0,0
BRDA:1224,85,1,0
BRDA:1248,86,0,0
BRDA:1248,86,1,0
BRDA:1253,87,0,0
BRDA:1253,87,1,0
BRDA:1268,88,0,0
BRDA:1268,88,1,0
BRF:169
BRH:3
end_of_record
TN:
SF:server/admin/adminAuth.ts
FN:7,getAdminSecret
FN:13,isAdminSecretConfigured
FN:22,createAdminSession
FN:40,clearAdminSession
FN:49,getAdminFromRequest
FN:67,isAdminSession
FN:71,isAdminFullyConfigured
FN:75,requireAdminMiddleware
FN:89,validateAdminCredentials
FN:104,requireAdminAuth
FNF:10
FNH:0
FNDA:0,getAdminSecret
FNDA:0,isAdminSecretConfigured
FNDA:0,createAdminSession
FNDA:0,clearAdminSession
FNDA:0,getAdminFromRequest
FNDA:0,isAdminSession
FNDA:0,isAdminFullyConfigured
FNDA:0,requireAdminMiddleware
FNDA:0,validateAdminCredentials
FNDA:0,requireAdminAuth
DA:5,1
DA:8,0
DA:9,0
DA:10,0
DA:14,0
DA:23,0
DA:24,0
DA:26,0
DA:30,0
DA:37,0
DA:41,0
DA:50,0
DA:51,0
DA:53,0
DA:54,0
DA:56,0
DA:57,0
DA:58,0
DA:59,0
DA:61,0
DA:63,0
DA:68,0
DA:72,0
DA:76,0
DA:77,0
DA:78,0
DA:81,0
DA:82,0
DA:83,0
DA:86,0
DA:90,0
DA:92,0
DA:105,0
DA:107,0
DA:108,0
DA:110,0
LF:36
LH:1
BRDA:8,0,0,0
BRDA:8,0,1,0
BRDA:9,1,0,0
BRDA:9,1,1,0
BRDA:24,2,0,0
BRDA:24,2,1,0
BRDA:51,3,0,0
BRDA:51,3,1,0
BRDA:54,4,0,0
BRDA:54,4,1,0
BRDA:58,5,0,0
BRDA:58,5,1,0
BRDA:58,6,0,0
BRDA:58,6,1,0
BRDA:72,7,0,0
BRDA:72,7,1,0
BRDA:76,8,0,0
BRDA:76,8,1,0
BRDA:81,9,0,0
BRDA:81,9,1,0
BRDA:90,10,0,0
BRDA:90,10,1,0
BRDA:93,11,0,0
BRDA:93,11,1,0
BRDA:105,12,0,0
BRDA:105,12,1,0
BRDA:108,13,0,0
BRDA:108,13,1,0
BRF:28
BRH:0
end_of_record
TN:
SF:server/billing/entitlements.ts
FN:24,ensureBrokerEntitlements
FN:66,resetCycleIfNeeded
FN:103,checkAndConsumeLoadAllowance
FN:144,rollbackLoadAllowance
FN:166,grantCredits
FN:182,getBillingSummary
FNF:6
FNH:0
FNDA:0,ensureBrokerEntitlements
FNDA:0,resetCycleIfNeeded
FNDA:0,checkAndConsumeLoadAllowance
FNDA:0,rollbackLoadAllowance
FNDA:0,grantCredits
FNDA:0,getBillingSummary
DA:5,1
DA:6,1
DA:7,1
DA:25,0
DA:26,0
DA:28,0
DA:33,0
DA:35,0
DA:36,0
DA:48,0
DA:51,0
DA:56,0
DA:57,0
DA:63,0
DA:67,0
DA:72,0
DA:73,0
DA:76,0
DA:78,0
DA:79,0
DA:82,0
DA:96,0
DA:97,0
DA:100,0
DA:104,0
DA:105,0
DA:107,0
DA:108,0
DA:117,0
DA:118,0
DA:121,0
DA:126,0
DA:127,0
DA:136,0
DA:137,0
DA:140,0
DA:141,0
DA:145,0
DA:146,0
DA:153,0
DA:155,0
DA:162,0
DA:167,0
DA:169,0
DA:178,0
DA:179,0
DA:183,0
DA:184,0
DA:186,0
DA:191,0
LF:50
LH:3
BRDA:35,0,0,0
BRDA:35,0,1,0
BRDA:56,1,0,0
BRDA:56,1,1,0
BRDA:72,2,0,0
BRDA:72,2,1,0
BRDA:78,3,0,0
BRDA:78,3,1,0
BRDA:107,4,0,0
BRDA:107,4,1,0
BRDA:126,5,0,0
BRDA:126,5,1,0
BRDA:126,6,0,0
BRDA:126,6,1,0
BRDA:140,7,0,0
BRDA:140,7,1,0
BRDA:145,8,0,0
BRDA:145,8,1,0
BRDA:178,9,0,0
BRDA:178,9,1,0
BRDA:197,10,0,0
BRDA:197,10,1,0
BRF:22
BRH:0
end_of_record
TN:
SF:server/billing/solana.ts
FN:24,getSolanaConnection
FN:28,getMerchantWallet
FN:35,getUsdcMint
FN:48,createProPaymentIntent
FN:108,checkAndConfirmIntent
FN:220,activateProPlan
FN:266,getMerchantInfo
FNF:7
FNH:0
FNDA:0,getSolanaConnection
FNDA:0,getMerchantWallet
FNDA:0,getUsdcMint
FNDA:0,createProPaymentIntent
FNDA:0,checkAndConfirmIntent
FNDA:0,activateProPlan
FNDA:0,getMerchantInfo
DA:9,1
DA:10,1
DA:11,1
DA:12,1
DA:13,1
DA:16,1
DA:17,1
DA:18,1
DA:19,1
DA:22,1
DA:25,0
DA:29,0
DA:30,0
DA:32,0
DA:36,0
DA:50,0
DA:51,0
DA:53,0
DA:54,0
DA:57,0
DA:58,0
DA:60,0
DA:70,0
DA:82,0
DA:84,0
DA:110,0
DA:118,0
DA:119,0
DA:123,0
DA:124,0
DA:134,0
DA:137,0
DA:138,0
DA:139,0
DA:144,0
DA:153,0
DA:154,0
DA:155,0
DA:156,0
DA:157,0
DA:160,0
DA:163,0
DA:171,0
DA:173,0
DA:183,0
DA:185,0
DA:187,0
DA:198,0
DA:200,0
DA:208,0
DA:211,0
DA:221,0
DA:222,0
DA:225,0
DA:230,0
DA:231,0
DA:244,0
DA:257,0
DA:259,0
DA:267,0
LF:60
LH:10
BRDA:9,0,0,1
BRDA:9,0,1,1
BRDA:11,1,0,1
BRDA:11,1,1,1
BRDA:12,2,0,1
BRDA:12,2,1,1
BRDA:13,3,0,1
BRDA:13,3,1,1
BRDA:29,4,0,0
BRDA:29,4,1,0
BRDA:118,5,0,0
BRDA:118,5,1,0
BRDA:123,6,0,0
BRDA:123,6,1,0
BRDA:128,7,0,0
BRDA:128,7,1,0
BRDA:129,8,0,0
BRDA:129,8,1,0
BRDA:137,9,0,0
BRDA:137,9,1,0
BRDA:138,10,0,0
BRDA:138,10,1,0
BRDA:198,11,0,0
BRDA:198,11,1,0
BRDA:230,12,0,0
BRDA:230,12,1,0
BRDA:268,13,0,0
BRDA:268,13,1,0
BRF:28
BRH:8
end_of_record
TN:
SF:server/billing/stripe.ts
FN:11,getStripe
FN:19,createCheckoutSession
FN:53,verifyWebhookSignature
FN:68,isEventProcessed
FN:77,markEventProcessed
FN:84,createSubscriptionCheckoutSession
FN:125,createBillingPortalSession
FN:142,getStripeCustomerByEmail
FN:156,processPromoCodeRedemption
FN:227,grantReferralRewardsIfEligible
FN:292,upgradeToPro
FN:312,downgradeToFree
FN:332,processStripeEvent
FNF:13
FNH:0
FNDA:0,getStripe
FNDA:0,createCheckoutSession
FNDA:0,verifyWebhookSignature
FNDA:0,isEventProcessed
FNDA:0,markEventProcessed
FNDA:0,createSubscriptionCheckoutSession
FNDA:0,createBillingPortalSession
FNDA:0,getStripeCustomerByEmail
FNDA:0,processPromoCodeRedemption
FNDA:0,grantReferralRewardsIfEligible
FNDA:0,upgradeToPro
FNDA:0,downgradeToFree
FNDA:0,processStripeEvent
DA:7,1
DA:8,1
DA:9,1
DA:12,0
DA:13,0
DA:14,0
DA:16,0
DA:25,0
DA:26,0
DA:27,0
DA:29,0
DA:30,0
DA:33,0
DA:50,0
DA:57,0
DA:58,0
DA:59,0
DA:61,0
DA:62,0
DA:65,0
DA:69,0
DA:74,0
DA:78,0
DA:91,0
DA:92,0
DA:93,0
DA:95,0
DA:96,0
DA:99,0
DA:122,0
DA:129,0
DA:130,0
DA:131,0
DA:134,0
DA:139,0
DA:143,0
DA:144,0
DA:145,0
DA:148,0
DA:149,0
DA:153,1
DA:154,1
DA:161,0
DA:163,0
DA:165,0
DA:175,0
DA:176,0
DA:177,0
DA:181,0
DA:191,0
DA:192,0
DA:193,0
DA:197,0
DA:206,0
DA:214,0
DA:215,0
DA:216,0
DA:219,0
DA:222,0
DA:232,0
DA:234,0
DA:244,0
DA:245,0
DA:246,0
DA:249,0
DA:252,0
DA:255,0
DA:258,0
DA:270,0
DA:285,0
DA:288,0
DA:293,0
DA:295,0
DA:296,0
DA:309,0
DA:313,0
DA:314,0
DA:316,0
DA:329,0
DA:333,0
DA:335,0
DA:336,0
DA:339,0
DA:340,0
DA:341,0
DA:342,0
DA:344,0
DA:346,0
DA:347,0
DA:348,0
DA:349,0
DA:352,0
DA:353,0
DA:354,0
DA:356,0
DA:357,0
DA:358,0
DA:359,0
DA:360,0
DA:361,0
DA:362,0
DA:368,0
DA:369,0
DA:372,0
DA:374,0
DA:385,0
DA:388,0
DA:389,0
DA:390,0
DA:393,0
DA:394,0
DA:395,0
DA:397,0
DA:398,0
DA:402,0
DA:403,0
DA:405,0
DA:406,0
DA:409,0
DA:411,0
DA:421,0
DA:422,0
DA:423,0
DA:426,0
DA:427,0
DA:430,0
DA:431,0
DA:432,0
DA:433,0
DA:435,0
DA:438,0
DA:440,0
DA:441,0
DA:442,0
DA:443,0
DA:444,0
DA:446,0
DA:447,0
DA:448,0
DA:450,0
DA:451,0
DA:454,0
DA:455,0
DA:458,0
DA:460,0
DA:461,0
DA:462,0
DA:463,0
DA:465,0
DA:468,0
DA:469,0
DA:474,0
DA:475,0
DA:478,0
DA:479,0
DA:480,0
DA:482,0
DA:483,0
DA:484,0
DA:485,0
DA:486,0
DA:489,0
DA:492,0
DA:493,0
LF:164
LH:5
BRDA:7,0,0,1
BRDA:7,0,1,0
BRDA:7,0,2,0
BRDA:8,1,0,1
BRDA:8,1,1,0
BRDA:9,2,0,1
BRDA:9,2,1,0
BRDA:13,3,0,0
BRDA:13,3,1,0
BRDA:26,4,0,0
BRDA:26,4,1,0
BRDA:29,5,0,0
BRDA:29,5,1,0
BRDA:50,6,0,0
BRDA:50,6,1,0
BRDA:58,7,0,0
BRDA:58,7,1,0
BRDA:61,8,0,0
BRDA:61,8,1,0
BRDA:92,9,0,0
BRDA:92,9,1,0
BRDA:95,10,0,0
BRDA:95,10,1,0
BRDA:111,11,0,0
BRDA:111,11,1,0
BRDA:122,12,0,0
BRDA:122,12,1,0
BRDA:130,13,0,0
BRDA:130,13,1,0
BRDA:144,14,0,0
BRDA:144,14,1,0
BRDA:149,15,0,0
BRDA:149,15,1,0
BRDA:161,16,0,0
BRDA:161,16,1,0
BRDA:175,17,0,0
BRDA:175,17,1,0
BRDA:191,18,0,0
BRDA:191,18,1,0
BRDA:201,19,0,0
BRDA:201,19,1,0
BRDA:209,20,0,0
BRDA:209,20,1,0
BRDA:214,21,0,0
BRDA:214,21,1,0
BRDA:214,22,0,0
BRDA:214,22,1,0
BRDA:229,23,0,0
BRDA:230,24,0,0
BRDA:244,25,0,0
BRDA:244,25,1,0
BRDA:335,26,0,0
BRDA:335,26,1,0
BRDA:339,27,0,0
BRDA:339,27,1,0
BRDA:341,28,0,0
BRDA:341,28,1,0
BRDA:346,29,0,0
BRDA:346,29,1,0
BRDA:347,30,0,0
BRDA:347,30,1,0
BRDA:353,31,0,0
BRDA:353,31,1,0
BRDA:356,32,0,0
BRDA:356,32,1,0
BRDA:358,33,0,0
BRDA:358,33,1,0
BRDA:361,34,0,0
BRDA:361,34,1,0
BRDA:361,35,0,0
BRDA:361,35,1,0
BRDA:368,36,0,0
BRDA:368,36,1,0
BRDA:378,37,0,0
BRDA:378,37,1,0
BRDA:379,38,0,0
BRDA:379,38,1,0
BRDA:389,39,0,0
BRDA:389,39,1,0
BRDA:402,40,0,0
BRDA:402,40,1,0
BRDA:402,41,0,0
BRDA:402,41,1,0
BRDA:403,42,0,0
BRDA:403,42,1,0
BRDA:405,43,0,0
BRDA:405,43,1,0
BRDA:405,44,0,0
BRDA:405,44,1,0
BRDA:414,45,0,0
BRDA:414,45,1,0
BRDA:415,46,0,0
BRDA:415,46,1,0
BRDA:416,47,0,0
BRDA:416,47,1,0
BRDA:430,48,0,0
BRDA:430,48,1,0
BRDA:438,49,0,0
BRDA:438,49,1,0
BRDA:438,50,0,0
BRDA:438,50,1,0
BRDA:438,50,2,0
BRDA:438,50,3,0
BRDA:441,51,0,0
BRDA:441,51,1,0
BRDA:446,52,0,0
BRDA:446,52,1,0
BRDA:450,53,0,0
BRDA:450,53,1,0
BRDA:450,54,0,0
BRDA:450,54,1,0
BRDA:454,55,0,0
BRDA:454,55,1,0
BRDA:461,56,0,0
BRDA:461,56,1,0
BRDA:478,57,0,0
BRDA:478,57,1,0
BRDA:482,58,0,0
BRDA:482,58,1,0
BRF:119
BRH:3
end_of_record
TN:
SF:server/billing/usage.ts
FN:7,ensureUsageRow
FN:33,rollCycleIfNeeded
FN:58,incrementLoadsCreated
FN:74,getUsageSummary
FNF:4
FNH:0
FNDA:0,ensureUsageRow
FNDA:0,rollCycleIfNeeded
FNDA:0,incrementLoadsCreated
FNDA:0,getUsageSummary
DA:5,1
DA:8,0
DA:13,0
DA:14,0
DA:17,0
DA:18,0
DA:20,0
DA:30,0
DA:34,0
DA:35,0
DA:37,0
DA:38,0
DA:40,0
DA:51,0
DA:52,0
DA:55,0
DA:59,0
DA:61,0
DA:70,0
DA:71,0
DA:75,0
DA:77,0
LF:22
LH:1
BRDA:13,0,0,0
BRDA:13,0,1,0
BRDA:37,1,0,0
BRDA:37,1,1,0
BRF:4
BRH:0
end_of_record
TN:
SF:server/config/env.ts
FN:9,isPlaceholder
FN:10,(anonymous_1)
FN:20,validateEnv
FN:69,logEnvStatus
FN:74,(anonymous_4)
FN:79,(anonymous_5)
FN:89,isEmailConfigured
FN:99,isAdminConfigured
FN:103,logAdminStatus
FNF:9
FNH:0
FNDA:0,isPlaceholder
FNDA:0,(anonymous_1)
FNDA:0,validateEnv
FNDA:0,logEnvStatus
FNDA:0,(anonymous_4)
FNDA:0,(anonymous_5)
FNDA:0,isEmailConfigured
FNDA:0,isAdminConfigured
FNDA:0,logAdminStatus
DA:1,1
DA:10,0
DA:21,0
DA:22,0
DA:24,0
DA:25,0
DA:26,0
DA:27,0
DA:28,0
DA:31,0
DA:32,0
DA:33,0
DA:34,0
DA:35,0
DA:38,0
DA:39,0
DA:40,0
DA:42,0
DA:43,0
DA:44,0
DA:45,0
DA:47,0
DA:48,0
DA:49,0
DA:50,0
DA:52,0
DA:56,0
DA:57,0
DA:58,0
DA:61,0
DA:70,0
DA:72,0
DA:73,0
DA:74,0
DA:77,0
DA:78,0
DA:79,0
DA:82,0
DA:83,0
DA:86,0
DA:90,0
DA:94,1
DA:100,0
DA:104,0
DA:106,0
DA:107,0
DA:108,0
DA:109,0
DA:111,0
LF:49
LH:2
BRDA:25,0,0,0
BRDA:25,0,1,0
BRDA:27,1,0,0
BRDA:27,1,1,0
BRDA:32,2,0,0
BRDA:32,2,1,0
BRDA:34,3,0,0
BRDA:34,3,1,0
BRDA:34,4,0,0
BRDA:34,4,1,0
BRDA:42,5,0,0
BRDA:42,5,1,0
BRDA:44,6,0,0
BRDA:44,6,1,0
BRDA:47,7,0,0
BRDA:47,7,1,0
BRDA:49,8,0,0
BRDA:49,8,1,0
BRDA:56,9,0,0
BRDA:56,9,1,0
BRDA:56,9,2,0
BRDA:57,10,0,0
BRDA:57,10,1,0
BRDA:72,11,0,0
BRDA:72,11,1,0
BRDA:77,12,0,0
BRDA:77,12,1,0
BRDA:82,13,0,0
BRDA:82,13,1,0
BRDA:82,14,0,0
BRDA:82,14,1,0
BRDA:86,15,0,0
BRDA:86,15,1,0
BRDA:95,16,0,1
BRDA:95,16,1,0
BRDA:96,17,0,1
BRDA:96,17,1,0
BRDA:100,18,0,0
BRDA:100,18,1,0
BRDA:104,19,0,0
BRDA:104,19,1,0
BRDA:106,20,0,0
BRDA:106,20,1,0
BRDA:108,21,0,0
BRDA:108,21,1,0
BRF:45
BRH:2
end_of_record
TN:
SF:server/middleware/errorHandler.ts
FN:6,(anonymous_0)
FN:19,(anonymous_1)
FN:25,(anonymous_2)
FN:31,(anonymous_3)
FN:37,(anonymous_4)
FN:42,formatZodError
FN:43,(anonymous_6)
FN:46,(anonymous_7)
FN:80,asyncHandler
FN:83,(anonymous_9)
FNF:10
FNH:0
FNDA:0,(anonymous_0)
FNDA:0,(anonymous_1)
FNDA:0,(anonymous_2)
FNDA:0,(anonymous_3)
FNDA:0,(anonymous_4)
FNDA:0,formatZodError
FNDA:0,(anonymous_6)
FNDA:0,(anonymous_7)
FNDA:0,asyncHandler
FNDA:0,(anonymous_9)
DA:7,0
DA:8,0
DA:9,0
DA:10,0
DA:12,0
DA:13,0
DA:14,0
DA:20,0
DA:26,0
DA:32,0
DA:38,0
DA:43,0
DA:46,1
DA:52,0
DA:53,0
DA:56,0
DA:57,0
DA:62,0
DA:65,0
DA:66,0
DA:71,0
DA:74,0
DA:83,0
DA:84,0
LF:24
LH:1
BRDA:25,0,0,0
BRDA:52,1,0,0
BRDA:52,1,1,0
BRDA:56,2,0,0
BRDA:56,2,1,0
BRDA:60,3,0,0
BRDA:60,3,1,0
BRDA:60,4,0,0
BRDA:60,4,1,0
BRDA:65,5,0,0
BRDA:65,5,1,0
BRDA:69,6,0,0
BRDA:69,6,1,0
BRDA:75,7,0,0
BRDA:75,7,1,0
BRF:15
BRH:0
end_of_record
TN:
SF:server/middleware/index.ts
FNF:0
FNH:0
LF:0
LH:0
BRF:0
BRH:0
end_of_record
TN:
SF:server/middleware/logger.ts
FN:15,formatLog
FN:27,requestLogger
FN:36,(anonymous_2)
FNF:3
FNH:0
FNDA:0,formatLog
FNDA:0,requestLogger
FNDA:0,(anonymous_2)
DA:16,0
DA:24,0
DA:28,0
DA:29,0
DA:30,0
DA:33,0
DA:34,0
DA:36,0
DA:37,0
DA:38,0
DA:46,0
DA:47,0
DA:48,0
DA:51,0
DA:52,0
DA:54,0
DA:55,0
DA:56,0
DA:57,0
DA:59,0
DA:63,0
LF:21
LH:0
BRDA:20,0,0,0
BRDA:20,0,1,0
BRDA:21,1,0,0
BRDA:21,1,1,0
BRDA:28,2,0,0
BRDA:28,2,1,0
BRDA:46,3,0,0
BRDA:46,3,1,0
BRDA:47,4,0,0
BRDA:47,4,1,0
BRDA:51,5,0,0
BRDA:51,5,1,0
BRDA:51,6,0,0
BRDA:51,6,1,0
BRDA:54,7,0,0
BRDA:54,7,1,0
BRDA:56,8,0,0
BRDA:56,8,1,0
BRF:18
BRH:0
end_of_record
TN:
SF:server/middleware/rateLimit.ts
FN:12,(anonymous_0)
FN:21,rateLimit
FN:22,(anonymous_2)
FN:51,strictRateLimit
FNF:4
FNH:3
FNDA:0,(anonymous_0)
FNDA:7,rateLimit
FNDA:2,(anonymous_2)
FNDA:7,strictRateLimit
DA:10,1
DA:12,1
DA:13,0
DA:14,0
DA:15,0
DA:16,0
DA:22,7
DA:23,2
DA:24,2
DA:25,2
DA:27,2
DA:28,2
DA:30,2
DA:32,2
DA:33,1
DA:34,1
DA:36,1
DA:39,2
DA:40,2
DA:41,2
DA:43,2
DA:44,0
DA:47,2
DA:52,7
LF:24
LH:19
BRDA:15,0,0,0
BRDA:15,0,1,0
BRDA:24,1,0,2
BRDA:24,1,1,0
BRDA:25,2,0,2
BRDA:25,2,1,0
BRDA:27,3,0,2
BRDA:27,3,1,0
BRDA:32,4,0,1
BRDA:32,4,1,1
BRDA:32,5,0,2
BRDA:32,5,1,1
BRDA:43,6,0,0
BRDA:43,6,1,2
BRDA:51,7,0,7
BRDA:51,8,0,7
BRF:16
BRH:10
end_of_record
TN:
SF:server/middleware/security.ts
FN:4,securityHeaders
FN:19,corsHandler
FNF:2
FNH:2
FNDA:8,securityHeaders
FNDA:8,corsHandler
DA:5,8
DA:6,8
DA:7,8
DA:8,8
DA:10,8
DA:11,0
DA:14,8
DA:16,8
DA:20,8
DA:22,8
DA:26,8
DA:27,0
DA:30,8
DA:31,8
DA:32,8
DA:33,8
DA:35,8
DA:36,0
DA:37,0
DA:40,8
LF:20
LH:16
BRDA:10,0,0,0
BRDA:10,0,1,8
BRDA:22,1,0,0
BRDA:22,1,1,8
BRDA:23,2,0,0
BRDA:23,2,1,0
BRDA:26,3,0,0
BRDA:26,3,1,8
BRDA:26,4,0,8
BRDA:26,4,1,0
BRDA:35,5,0,0
BRDA:35,5,1,8
BRF:12
BRH:5
end_of_record
TN:
SF:server/services/analyticsService.ts
FN:62,getDefaultDateRange
FN:69,toNum
FN:76,haversineMiles
FN:78,(anonymous_3)
FN:94,computeDistanceFromStops
FN:98,(anonymous_5)
FN:104,(anonymous_6)
FN:108,(anonymous_7)
FN:118,getAnalyticsOverview
FN:143,(anonymous_9)
FN:169,(anonymous_10)
FN:188,(anonymous_11)
FN:195,(anonymous_12)
FN:219,(anonymous_13)
FN:226,(anonymous_14)
FN:264,(anonymous_15)
FN:271,(anonymous_16)
FN:313,getAnalyticsLoadsTable
FN:355,(anonymous_18)
FN:356,(anonymous_19)
FN:357,(anonymous_20)
FN:402,generateLoadsCsv
FN:415,(anonymous_22)
FN:427,(anonymous_23)
FN:430,getBrokerPlan
FNF:25
FNH:0
FNDA:0,getDefaultDateRange
FNDA:0,toNum
FNDA:0,haversineMiles
FNDA:0,(anonymous_3)
FNDA:0,computeDistanceFromStops
FNDA:0,(anonymous_5)
FNDA:0,(anonymous_6)
FNDA:0,(anonymous_7)
FNDA:0,getAnalyticsOverview
FNDA:0,(anonymous_9)
FNDA:0,(anonymous_10)
FNDA:0,(anonymous_11)
FNDA:0,(anonymous_12)
FNDA:0,(anonymous_13)
FNDA:0,(anonymous_14)
FNDA:0,(anonymous_15)
FNDA:0,(anonymous_16)
FNDA:0,getAnalyticsLoadsTable
FNDA:0,(anonymous_18)
FNDA:0,(anonymous_19)
FNDA:0,(anonymous_20)
FNDA:0,generateLoadsCsv
FNDA:0,(anonymous_22)
FNDA:0,(anonymous_23)
FNDA:0,getBrokerPlan
DA:5,1
DA:63,0
DA:64,0
DA:65,0
DA:66,0
DA:70,0
DA:71,0
DA:72,0
DA:73,0
DA:77,0
DA:78,0
DA:79,0
DA:80,0
DA:82,0
DA:84,0
DA:85,0
DA:95,0
DA:97,0
DA:99,0
DA:100,0
DA:101,0
DA:102,0
DA:104,0
DA:106,0
DA:108,0
DA:110,0
DA:111,0
DA:112,0
DA:115,0
DA:123,0
DA:125,0
DA:128,0
DA:130,0
DA:142,0
DA:143,0
DA:145,0
DA:146,0
DA:147,0
DA:148,0
DA:149,0
DA:150,0
DA:151,0
DA:152,0
DA:153,0
DA:154,0
DA:156,0
DA:157,0
DA:158,0
DA:159,0
DA:160,0
DA:161,0
DA:163,0
DA:164,0
DA:165,0
DA:168,0
DA:169,0
DA:170,0
DA:172,0
DA:173,0
DA:174,0
DA:175,0
DA:176,0
DA:178,0
DA:179,0
DA:181,0
DA:182,0
DA:183,0
DA:188,0
DA:189,0
DA:190,0
DA:191,0
DA:192,0
DA:195,0
DA:196,0
DA:197,0
DA:198,0
DA:199,0
DA:203,0
DA:204,0
DA:205,0
DA:206,0
DA:208,0
DA:209,0
DA:210,0
DA:211,0
DA:212,0
DA:214,0
DA:217,0
DA:218,0
DA:219,0
DA:220,0
DA:221,0
DA:222,0
DA:224,0
DA:225,0
DA:226,0
DA:227,0
DA:228,0
DA:229,0
DA:230,0
DA:231,0
DA:232,0
DA:233,0
DA:234,0
DA:236,0
DA:242,0
DA:253,0
DA:254,0
DA:255,0
DA:256,0
DA:257,0
DA:259,0
DA:262,0
DA:263,0
DA:264,0
DA:265,0
DA:266,0
DA:267,0
DA:269,0
DA:270,0
DA:271,0
DA:272,0
DA:273,0
DA:274,0
DA:275,0
DA:276,0
DA:277,0
DA:278,0
DA:279,0
DA:281,0
DA:287,0
DA:298,0
DA:320,0
DA:322,0
DA:325,0
DA:327,0
DA:329,0
DA:355,0
DA:356,0
DA:357,0
DA:358,0
DA:360,0
DA:361,0
DA:363,0
DA:364,0
DA:365,0
DA:366,0
DA:367,0
DA:368,0
DA:369,0
DA:373,0
DA:374,0
DA:375,0
DA:377,0
DA:379,0
DA:394,0
DA:403,0
DA:415,0
DA:427,0
DA:431,0
DA:434,0
LF:161
LH:1
BRDA:70,0,0,0
BRDA:70,0,1,0
BRDA:70,1,0,0
BRDA:70,1,1,0
BRDA:71,2,0,0
BRDA:71,2,1,0
BRDA:73,3,0,0
BRDA:73,3,1,0
BRDA:95,4,0,0
BRDA:95,4,1,0
BRDA:95,5,0,0
BRDA:95,5,1,0
BRDA:101,6,0,0
BRDA:101,6,1,0
BRDA:101,7,0,0
BRDA:101,7,1,0
BRDA:106,8,0,0
BRDA:106,8,1,0
BRDA:123,9,0,0
BRDA:123,9,1,0
BRDA:123,10,0,0
BRDA:123,10,1,0
BRDA:128,11,0,0
BRDA:128,11,1,0
BRDA:158,12,0,0
BRDA:158,12,1,0
BRDA:160,13,0,0
BRDA:160,13,1,0
BRDA:163,14,0,0
BRDA:163,14,1,0
BRDA:168,15,0,0
BRDA:168,15,1,0
BRDA:168,16,0,0
BRDA:168,16,1,0
BRDA:172,17,0,0
BRDA:172,17,1,0
BRDA:178,18,0,0
BRDA:178,18,1,0
BRDA:189,19,0,0
BRDA:189,19,1,0
BRDA:189,20,0,0
BRDA:189,20,1,0
BRDA:196,21,0,0
BRDA:196,21,1,0
BRDA:196,22,0,0
BRDA:196,22,1,0
BRDA:203,23,0,0
BRDA:203,23,1,0
BRDA:204,24,0,0
BRDA:204,24,1,0
BRDA:205,25,0,0
BRDA:205,25,1,0
BRDA:206,26,0,0
BRDA:206,26,1,0
BRDA:210,27,0,0
BRDA:210,27,1,0
BRDA:211,28,0,0
BRDA:211,28,1,0
BRDA:225,29,0,0
BRDA:225,29,1,0
BRDA:228,30,0,0
BRDA:228,30,1,0
BRDA:233,31,0,0
BRDA:233,31,1,0
BRDA:243,32,0,0
BRDA:243,32,1,0
BRDA:244,33,0,0
BRDA:244,33,1,0
BRDA:249,34,0,0
BRDA:249,34,1,0
BRDA:255,35,0,0
BRDA:255,35,1,0
BRDA:256,36,0,0
BRDA:256,36,1,0
BRDA:270,37,0,0
BRDA:270,37,1,0
BRDA:273,38,0,0
BRDA:273,38,1,0
BRDA:278,39,0,0
BRDA:278,39,1,0
BRDA:294,40,0,0
BRDA:294,40,1,0
BRDA:307,41,0,0
BRDA:307,41,1,0
BRDA:317,42,0,0
BRDA:318,43,0,0
BRDA:320,44,0,0
BRDA:320,44,1,0
BRDA:320,45,0,0
BRDA:320,45,1,0
BRDA:325,46,0,0
BRDA:325,46,1,0
BRDA:363,47,0,0
BRDA:363,47,1,0
BRDA:363,48,0,0
BRDA:363,48,1,0
BRDA:363,48,2,0
BRDA:368,49,0,0
BRDA:368,49,1,0
BRDA:373,50,0,0
BRDA:373,50,1,0
BRDA:374,51,0,0
BRDA:374,51,1,0
BRDA:374,52,0,0
BRDA:374,52,1,0
BRDA:377,53,0,0
BRDA:377,53,1,0
BRDA:398,54,0,0
BRDA:398,54,1,0
BRDA:417,55,0,0
BRDA:417,55,1,0
BRDA:418,56,0,0
BRDA:418,56,1,0
BRDA:419,57,0,0
BRDA:419,57,1,0
BRDA:420,58,0,0
BRDA:420,58,1,0
BRDA:421,59,0,0
BRDA:421,59,1,0
BRDA:421,60,0,0
BRDA:421,60,1,0
BRDA:422,61,0,0
BRDA:422,61,1,0
BRDA:423,62,0,0
BRDA:423,62,1,0
BRDA:424,63,0,0
BRDA:424,63,1,0
BRDA:434,64,0,0
BRDA:434,64,1,0
BRF:129
BRH:0
end_of_record
TN:
SF:server/services/notificationService.ts
FN:10,notifyLoadStatusChange
FN:27,(anonymous_1)
FN:30,(anonymous_2)
FN:31,(anonymous_3)
FN:86,sendBrokerNotification
FN:184,sendClientNotification
FN:271,formatStatus
FN:283,getStatusColor
FN:295,getBaseUrl
FNF:9
FNH:0
FNDA:0,notifyLoadStatusChange
FNDA:0,(anonymous_1)
FNDA:0,(anonymous_2)
FNDA:0,(anonymous_3)
FNDA:0,sendBrokerNotification
FNDA:0,sendClientNotification
FNDA:0,formatStatus
FNDA:0,getStatusColor
FNDA:0,getBaseUrl
DA:11,0
DA:13,0
DA:14,0
DA:15,0
DA:16,0
DA:17,0
DA:20,0
DA:21,0
DA:22,0
DA:23,0
DA:26,0
DA:27,0
DA:29,0
DA:30,0
DA:31,0
DA:33,0
DA:35,0
DA:36,0
DA:48,0
DA:49,0
DA:50,0
DA:51,0
DA:52,0
DA:53,0
DA:54,0
DA:57,0
DA:58,0
DA:71,0
DA:87,0
DA:89,0
DA:90,0
DA:92,0
DA:94,0
DA:151,0
DA:161,0
DA:162,0
DA:168,0
DA:170,0
DA:185,0
DA:187,0
DA:188,0
DA:190,0
DA:192,0
DA:246,0
DA:258,0
DA:259,0
DA:265,0
DA:267,0
DA:272,0
DA:280,0
DA:284,0
DA:292,0
DA:296,0
LF:53
LH:0
BRDA:15,0,0,0
BRDA:15,0,1,0
BRDA:21,1,0,0
BRDA:21,1,1,0
BRDA:35,2,0,0
BRDA:35,2,1,0
BRDA:48,3,0,0
BRDA:48,3,1,0
BRDA:52,4,0,0
BRDA:52,4,1,0
BRDA:53,5,0,0
BRDA:53,5,1,0
BRDA:53,6,0,0
BRDA:53,6,1,0
BRDA:90,7,0,0
BRDA:90,7,1,0
BRDA:90,8,0,0
BRDA:90,8,1,0
BRDA:112,9,0,0
BRDA:112,9,1,0
BRDA:115,10,0,0
BRDA:115,10,1,0
BRDA:154,11,0,0
BRDA:154,11,1,0
BRDA:188,12,0,0
BRDA:188,12,1,0
BRDA:188,13,0,0
BRDA:188,13,1,0
BRDA:210,14,0,0
BRDA:210,14,1,0
BRDA:234,15,0,0
BRDA:234,15,1,0
BRDA:249,16,0,0
BRDA:249,16,1,0
BRDA:255,17,0,0
BRDA:255,17,1,0
BRDA:280,18,0,0
BRDA:280,18,1,0
BRDA:292,19,0,0
BRDA:292,19,1,0
BRDA:296,20,0,0
BRDA:296,20,1,0
BRDA:297,21,0,0
BRDA:297,21,1,0
BRDA:298,22,0,0
BRDA:298,22,1,0
BRF:46
BRH:0
end_of_record
TN:
SF:server/services/rewardService.ts
FN:42,findOrCreateAccount
FN:79,awardPointsForEvent
FN:156,getRewardBalance
FN:184,getRewardHistory
FNF:4
FNH:0
FNDA:0,findOrCreateAccount
FNDA:0,awardPointsForEvent
FNDA:0,getRewardBalance
FNDA:0,getRewardHistory
DA:6,1
DA:11,1
DA:20,1
DA:46,0
DA:47,0
DA:52,0
DA:54,0
DA:58,0
DA:61,0
DA:62,0
DA:67,0
DA:69,0
DA:73,0
DA:76,0
DA:82,0
DA:83,0
DA:85,0
DA:86,0
DA:87,0
DA:88,0
DA:92,0
DA:93,0
DA:104,0
DA:105,0
DA:108,0
DA:112,0
DA:113,0
DA:116,0
DA:125,0
DA:126,0
DA:129,0
DA:132,0
DA:141,0
DA:145,0
DA:151,0
DA:152,0
DA:160,0
DA:161,0
DA:162,0
DA:166,0
DA:169,0
DA:170,0
DA:174,0
DA:177,0
DA:179,0
DA:180,0
DA:189,0
DA:190,0
DA:192,0
DA:193,0
DA:197,0
DA:198,0
DA:199,0
DA:203,0
DA:206,0
DA:208,0
DA:215,0
DA:216,0
LF:58
LH:3
BRDA:46,0,0,0
BRDA:46,0,1,0
BRDA:52,1,0,0
BRDA:52,1,1,0
BRDA:61,2,0,0
BRDA:61,2,1,0
BRDA:67,3,0,0
BRDA:67,3,1,0
BRDA:86,4,0,0
BRDA:86,4,1,0
BRDA:92,5,0,0
BRDA:92,5,1,0
BRDA:92,6,0,0
BRDA:92,6,1,0
BRDA:104,7,0,0
BRDA:104,7,1,0
BRDA:118,8,0,0
BRDA:118,8,1,0
BRDA:125,9,0,0
BRDA:125,9,1,0
BRDA:161,10,0,0
BRDA:161,10,1,0
BRDA:166,11,0,0
BRDA:166,11,1,0
BRDA:169,12,0,0
BRDA:169,12,1,0
BRDA:174,13,0,0
BRDA:174,13,1,0
BRDA:187,14,0,0
BRDA:192,15,0,0
BRDA:192,15,1,0
BRDA:197,16,0,0
BRDA:197,16,1,0
BRDA:198,17,0,0
BRDA:198,17,1,0
BRDA:203,18,0,0
BRDA:203,18,1,0
BRDA:206,19,0,0
BRDA:206,19,1,0
BRF:39
BRH:0
end_of_record
TN:
SF:server/tests/utils/dbTestUtils.ts
FN:6,resetDatabase
FN:39,createTestBroker
FN:54,createTestDriver
FN:63,createTestLoad
FN:94,createTestStop
FN:123,createTestVerificationToken
FN:140,createTestTrackingPing
FNF:7
FNH:1
FNDA:1,resetDatabase
FNDA:0,createTestBroker
FNDA:0,createTestDriver
FNDA:0,createTestLoad
FNDA:0,createTestStop
FNDA:0,createTestVerificationToken
FNDA:0,createTestTrackingPing
DA:8,1
DA:44,0
DA:51,0
DA:57,0
DA:60,0
DA:69,0
DA:70,0
DA:71,0
DA:73,0
DA:91,0
DA:103,0
DA:120,0
DA:128,0
DA:130,0
DA:137,0
DA:146,0
DA:155,0
LF:17
LH:1
BRDA:39,0,0,0
BRDA:45,1,0,0
BRDA:45,1,1,0
BRDA:46,2,0,0
BRDA:46,2,1,0
BRDA:47,3,0,0
BRDA:47,3,1,0
BRDA:54,4,0,0
BRDA:58,5,0,0
BRDA:58,5,1,0
BRDA:63,6,0,0
BRDA:75,7,0,0
BRDA:75,7,1,0
BRDA:80,8,0,0
BRDA:80,8,1,0
BRDA:82,9,0,0
BRDA:82,9,1,0
BRDA:111,10,0,0
BRDA:111,10,1,0
BRDA:112,11,0,0
BRDA:112,11,1,0
BRDA:113,12,0,0
BRDA:113,12,1,0
BRDA:133,13,0,0
BRDA:133,13,1,0
BRDA:134,14,0,0
BRDA:134,14,1,0
BRF:27
BRH:0
end_of_record
TN:
SF:server/tests/utils/testApp.ts
FN:6,getTestApp
FN:13,getTestRequest
FN:18,closeTestApp
FN:20,(anonymous_3)
FN:21,(anonymous_4)
FNF:5
FNH:2
FNDA:6,getTestApp
FNDA:6,getTestRequest
FNDA:0,closeTestApp
FNDA:0,(anonymous_3)
FNDA:0,(anonymous_4)
DA:4,1
DA:7,6
DA:8,1
DA:10,6
DA:14,6
DA:15,6
DA:19,0
DA:20,0
DA:21,0
DA:23,0
LF:10
LH:6
BRDA:7,0,0,1
BRDA:7,0,1,5
BRDA:19,1,0,0
BRDA:19,1,1,0
BRF:4
BRH:2
end_of_record
TN:
SF:server/utils/rateLimit.ts
FN:5,shouldAcceptPing
FN:14,(anonymous_1)
FN:17,(anonymous_2)
FNF:3
FNH:0
FNDA:0,shouldAcceptPing
FNDA:0,(anonymous_1)
FNDA:0,(anonymous_2)
DA:1,1
DA:3,1
DA:6,0
DA:7,0
DA:8,0
DA:10,0
DA:11,0
DA:14,1
DA:15,0
DA:16,0
DA:17,0
DA:18,0
DA:19,0
LF:13
LH:3
BRDA:5,0,0,0
BRDA:6,1,0,0
BRDA:6,1,1,0
BRDA:7,2,0,0
BRDA:7,2,1,0
BRDA:18,3,0,0
BRDA:18,3,1,0
BRF:7
BRH:0
end_of_record
TN:
SF:server/utils/securityUtils.ts
FN:16,generateSecureToken
FN:23,hashToken
FN:30,timingSafeCompare
FN:38,haversineDistanceMeters
FN:45,(anonymous_4)
FN:61,calculateSpeedMph
FN:73,validateGpsTimestamp
FN:99,validateGpsAccuracy
FN:120,checkPublicTrackingRateLimit
FN:147,getCachedResponse
FN:158,setCachedResponse
FN:163,(anonymous_11)
FN:167,(anonymous_12)
FN:174,(anonymous_13)
FN:185,isTrackingLinkExpired
FN:197,sanitizeLoadForPublic
FN:227,sanitizeStopForPublic
FNF:17
FNH:0
FNDA:0,generateSecureToken
FNDA:0,hashToken
FNDA:0,timingSafeCompare
FNDA:0,haversineDistanceMeters
FNDA:0,(anonymous_4)
FNDA:0,calculateSpeedMph
FNDA:0,validateGpsTimestamp
FNDA:0,validateGpsAccuracy
FNDA:0,checkPublicTrackingRateLimit
FNDA:0,getCachedResponse
FNDA:0,setCachedResponse
FNDA:0,(anonymous_11)
FNDA:0,(anonymous_12)
FNDA:0,(anonymous_13)
FNDA:0,isTrackingLinkExpired
FNDA:0,sanitizeLoadForPublic
FNDA:0,sanitizeStopForPublic
DA:4,1
DA:5,1
DA:6,1
DA:7,1
DA:8,1
DA:9,1
DA:10,1
DA:17,0
DA:24,0
DA:31,0
DA:32,0
DA:44,0
DA:45,0
DA:47,0
DA:48,0
DA:51,0
DA:54,0
DA:55,0
DA:62,0
DA:63,0
DA:64,0
DA:65,0
DA:66,0
DA:74,0
DA:75,0
DA:77,0
DA:78,0
DA:81,0
DA:82,0
DA:84,0
DA:85,0
DA:88,0
DA:89,0
DA:92,0
DA:100,0
DA:101,0
DA:102,0
DA:104,0
DA:105,0
DA:107,0
DA:108,0
DA:110,0
DA:114,1
DA:121,0
DA:122,0
DA:123,0
DA:125,0
DA:127,0
DA:128,0
DA:129,0
DA:132,0
DA:133,0
DA:136,0
DA:137,0
DA:141,1
DA:142,1
DA:148,0
DA:149,0
DA:150,0
DA:152,0
DA:159,0
DA:163,1
DA:164,0
DA:167,0
DA:168,0
DA:169,0
DA:174,0
DA:175,0
DA:176,0
DA:186,0
DA:188,0
DA:189,0
DA:191,0
DA:216,0
DA:248,0
LF:75
LH:11
BRDA:4,0,0,1
BRDA:4,0,1,1
BRDA:5,1,0,1
BRDA:5,1,1,1
BRDA:6,2,0,1
BRDA:6,2,1,1
BRDA:7,3,0,1
BRDA:7,3,1,1
BRDA:8,4,0,1
BRDA:8,4,1,1
BRDA:9,5,0,1
BRDA:9,5,1,1
BRDA:10,6,0,1
BRDA:10,6,1,1
BRDA:16,7,0,0
BRDA:31,8,0,0
BRDA:31,8,1,0
BRDA:62,9,0,0
BRDA:62,9,1,0
BRDA:77,10,0,0
BRDA:77,10,1,0
BRDA:84,11,0,0
BRDA:84,11,1,0
BRDA:88,12,0,0
BRDA:88,12,1,0
BRDA:100,13,0,0
BRDA:100,13,1,0
BRDA:101,14,0,0
BRDA:101,14,1,0
BRDA:101,15,0,0
BRDA:101,15,1,0
BRDA:104,16,0,0
BRDA:104,16,1,0
BRDA:107,17,0,0
BRDA:107,17,1,0
BRDA:127,18,0,0
BRDA:127,18,1,0
BRDA:127,19,0,0
BRDA:127,19,1,0
BRDA:132,20,0,0
BRDA:132,20,1,0
BRDA:149,21,0,0
BRDA:149,21,1,0
BRDA:149,22,0,0
BRDA:149,22,1,0
BRDA:168,23,0,0
BRDA:168,23,1,0
BRDA:175,24,0,0
BRDA:175,24,1,0
BRDA:186,25,0,0
BRDA:186,25,1,0
BRF:51
BRH:14
end_of_record
TN:
SF:server/webhooks/webhookService.ts
FN:20,getOrCreateWebhookConfigForUser
FN:45,updateWebhookConfigForUser
FN:97,emitLoadEvent
FN:157,(anonymous_3)
FN:180,(anonymous_4)
FNF:5
FNH:0
FNDA:0,getOrCreateWebhookConfigForUser
FNDA:0,updateWebhookConfigForUser
FNDA:0,emitLoadEvent
FNDA:0,(anonymous_3)
FNDA:0,(anonymous_4)
DA:21,0
DA:26,0
DA:27,0
DA:30,0
DA:32,0
DA:42,0
DA:49,0
DA:51,0
DA:52,0
DA:53,0
DA:54,0
DA:55,0
DA:58,0
DA:62,0
DA:63,0
DA:66,0
DA:70,0
DA:71,0
DA:74,0
DA:75,0
DA:76,0
DA:77,0
DA:81,0
DA:87,0
DA:98,0
DA:100,0
DA:101,0
DA:106,0
DA:107,0
DA:110,0
DA:115,0
DA:116,0
DA:117,0
DA:120,0
DA:125,0
DA:126,0
DA:127,0
DA:130,0
DA:136,0
DA:157,0
DA:171,0
DA:172,0
DA:174,0
DA:175,0
DA:176,0
DA:178,0
DA:179,0
DA:180,0
DA:182,0
DA:194,0
DA:195,0
DA:197,0
DA:198,0
DA:201,0
DA:204,0
DA:206,0
DA:215,0
DA:220,0
DA:221,0
DA:223,0
DA:226,0
LF:61
LH:0
BRDA:26,0,0,0
BRDA:26,0,1,0
BRDA:51,1,0,0
BRDA:51,1,1,0
BRDA:51,2,0,0
BRDA:51,2,1,0
BRDA:51,2,2,0
BRDA:54,3,0,0
BRDA:54,3,1,0
BRDA:62,4,0,0
BRDA:62,4,1,0
BRDA:62,5,0,0
BRDA:62,5,1,0
BRDA:62,5,2,0
BRDA:70,6,0,0
BRDA:70,6,1,0
BRDA:74,7,0,0
BRDA:74,7,1,0
BRDA:75,8,0,0
BRDA:75,8,1,0
BRDA:76,9,0,0
BRDA:76,9,1,0
BRDA:76,10,0,0
BRDA:76,10,1,0
BRDA:76,10,2,0
BRDA:106,11,0,0
BRDA:106,11,1,0
BRDA:106,12,0,0
BRDA:106,12,1,0
BRDA:106,12,2,0
BRDA:115,13,0,0
BRDA:115,13,1,0
BRDA:125,14,0,0
BRDA:125,14,1,0
BRDA:144,15,0,0
BRDA:144,15,1,0
BRDA:149,16,0,0
BRDA:149,16,1,0
BRDA:150,17,0,0
BRDA:150,17,1,0
BRDA:151,18,0,0
BRDA:151,18,1,0
BRDA:152,19,0,0
BRDA:152,19,1,0
BRDA:154,20,0,0
BRDA:154,20,1,0
BRDA:155,21,0,0
BRDA:155,21,1,0
BRDA:156,22,0,0
BRDA:156,22,1,0
BRDA:163,23,0,0
BRDA:163,23,1,0
BRDA:164,24,0,0
BRDA:164,24,1,0
BRDA:165,25,0,0
BRDA:165,25,1,0
BRDA:166,26,0,0
BRDA:166,26,1,0
BRDA:197,27,0,0
BRDA:197,27,1,0
BRDA:201,28,0,0
BRDA:201,28,1,0
BRDA:220,29,0,0
BRDA:220,29,1,0
BRF:64
BRH:0
end_of_record
TN:
SF:shared/schema.ts
FN:22,(anonymous_0)
FN:32,(anonymous_1)
FN:37,(anonymous_2)
FN:41,(anonymous_3)
FN:51,(anonymous_4)
FN:56,(anonymous_5)
FN:60,(anonymous_6)
FN:70,(anonymous_7)
FN:75,(anonymous_8)
FN:80,(anonymous_9)
FN:90,(anonymous_10)
FN:104,(anonymous_11)
FN:109,(anonymous_12)
FN:121,(anonymous_13)
FN:133,(anonymous_14)
FN:137,(anonymous_15)
FN:148,(anonymous_16)
FN:160,(anonymous_17)
FN:164,(anonymous_18)
FN:175,(anonymous_19)
FN:176,(anonymous_20)
FN:177,(anonymous_21)
FN:178,(anonymous_22)
FN:199,(anonymous_23)
FN:206,(anonymous_24)
FN:231,(anonymous_25)
FN:247,(anonymous_26)
FN:252,(anonymous_27)
FN:262,(anonymous_28)
FN:263,(anonymous_29)
FN:271,(anonymous_30)
FN:277,(anonymous_31)
FN:291,(anonymous_32)
FN:292,(anonymous_33)
FN:298,(anonymous_34)
FN:303,(anonymous_35)
FN:317,(anonymous_36)
FN:325,(anonymous_37)
FN:329,(anonymous_38)
FN:339,(anonymous_39)
FN:344,(anonymous_40)
FN:362,(anonymous_41)
FN:370,(anonymous_42)
FN:374,(anonymous_43)
FN:384,(anonymous_44)
FN:393,(anonymous_45)
FN:398,(anonymous_46)
FN:408,(anonymous_47)
FN:413,(anonymous_48)
FN:417,(anonymous_49)
FN:427,(anonymous_50)
FN:428,(anonymous_51)
FN:435,(anonymous_52)
FN:439,(anonymous_53)
FN:462,(anonymous_54)
FN:470,(anonymous_55)
FN:472,(anonymous_56)
FN:476,(anonymous_57)
FN:482,(anonymous_58)
FN:504,(anonymous_59)
FN:511,(anonymous_60)
FN:512,(anonymous_61)
FN:520,(anonymous_62)
FN:528,(anonymous_63)
FN:529,(anonymous_64)
FN:539,(anonymous_65)
FN:545,(anonymous_66)
FN:555,(anonymous_67)
FN:564,(anonymous_68)
FN:574,(anonymous_69)
FN:581,(anonymous_70)
FN:587,(anonymous_71)
FN:597,(anonymous_72)
FN:602,(anonymous_73)
FN:607,(anonymous_74)
FN:618,(anonymous_75)
FN:619,(anonymous_76)
FN:624,(anonymous_77)
FN:628,(anonymous_78)
FN:809,(anonymous_79)
FN:810,(anonymous_80)
FN:816,(anonymous_81)
FN:823,(anonymous_82)
FN:837,(anonymous_83)
FN:842,(anonymous_84)
FN:847,(anonymous_85)
FNF:86
FNH:50
FNDA:1,(anonymous_0)
FNDA:0,(anonymous_1)
FNDA:1,(anonymous_2)
FNDA:1,(anonymous_3)
FNDA:0,(anonymous_4)
FNDA:1,(anonymous_5)
FNDA:1,(anonymous_6)
FNDA:0,(anonymous_7)
FNDA:1,(anonymous_8)
FNDA:1,(anonymous_9)
FNDA:0,(anonymous_10)
FNDA:1,(anonymous_11)
FNDA:1,(anonymous_12)
FNDA:0,(anonymous_13)
FNDA:1,(anonymous_14)
FNDA:1,(anonymous_15)
FNDA:0,(anonymous_16)
FNDA:1,(anonymous_17)
FNDA:1,(anonymous_18)
FNDA:0,(anonymous_19)
FNDA:0,(anonymous_20)
FNDA:0,(anonymous_21)
FNDA:0,(anonymous_22)
FNDA:1,(anonymous_23)
FNDA:1,(anonymous_24)
FNDA:0,(anonymous_25)
FNDA:1,(anonymous_26)
FNDA:1,(anonymous_27)
FNDA:0,(anonymous_28)
FNDA:0,(anonymous_29)
FNDA:1,(anonymous_30)
FNDA:1,(anonymous_31)
FNDA:0,(anonymous_32)
FNDA:0,(anonymous_33)
FNDA:1,(anonymous_34)
FNDA:1,(anonymous_35)
FNDA:0,(anonymous_36)
FNDA:1,(anonymous_37)
FNDA:1,(anonymous_38)
FNDA:0,(anonymous_39)
FNDA:1,(anonymous_40)
FNDA:0,(anonymous_41)
FNDA:1,(anonymous_42)
FNDA:1,(anonymous_43)
FNDA:0,(anonymous_44)
FNDA:1,(anonymous_45)
FNDA:1,(anonymous_46)
FNDA:0,(anonymous_47)
FNDA:1,(anonymous_48)
FNDA:1,(anonymous_49)
FNDA:0,(anonymous_50)
FNDA:0,(anonymous_51)
FNDA:1,(anonymous_52)
FNDA:1,(anonymous_53)
FNDA:1,(anonymous_54)
FNDA:0,(anonymous_55)
FNDA:0,(anonymous_56)
FNDA:1,(anonymous_57)
FNDA:1,(anonymous_58)
FNDA:1,(anonymous_59)
FNDA:0,(anonymous_60)
FNDA:0,(anonymous_61)
FNDA:1,(anonymous_62)
FNDA:0,(anonymous_63)
FNDA:0,(anonymous_64)
FNDA:1,(anonymous_65)
FNDA:1,(anonymous_66)
FNDA:0,(anonymous_67)
FNDA:1,(anonymous_68)
FNDA:0,(anonymous_69)
FNDA:1,(anonymous_70)
FNDA:1,(anonymous_71)
FNDA:0,(anonymous_72)
FNDA:1,(anonymous_73)
FNDA:1,(anonymous_74)
FNDA:0,(anonymous_75)
FNDA:0,(anonymous_76)
FNDA:1,(anonymous_77)
FNDA:1,(anonymous_78)
FNDA:0,(anonymous_79)
FNDA:0,(anonymous_80)
FNDA:1,(anonymous_81)
FNDA:1,(anonymous_82)
FNDA:0,(anonymous_83)
FNDA:1,(anonymous_84)
FNDA:1,(anonymous_85)
DA:8,1
DA:22,1
DA:30,1
DA:32,0
DA:37,1
DA:41,1
DA:49,1
DA:51,0
DA:56,1
DA:60,1
DA:68,1
DA:70,0
DA:75,1
DA:80,1
DA:88,1
DA:90,0
DA:104,1
DA:109,1
DA:119,1
DA:121,0
DA:133,1
DA:137,1
DA:146,1
DA:148,0
DA:160,1
DA:164,1
DA:173,1
DA:175,0
DA:176,0
DA:177,0
DA:178,0
DA:199,1
DA:206,1
DA:229,1
DA:231,0
DA:247,1
DA:252,1
DA:260,1
DA:262,0
DA:263,0
DA:271,1
DA:277,1
DA:289,1
DA:291,0
DA:292,0
DA:298,1
DA:303,1
DA:315,1
DA:317,0
DA:325,1
DA:329,1
DA:337,1
DA:339,0
DA:344,1
DA:352,1
DA:360,1
DA:362,0
DA:370,1
DA:374,1
DA:382,1
DA:384,0
DA:393,1
DA:398,1
DA:406,1
DA:408,0
DA:413,1
DA:417,1
DA:425,1
DA:427,0
DA:428,0
DA:435,1
DA:439,1
DA:451,1
DA:462,1
DA:468,1
DA:470,0
DA:472,0
DA:476,1
DA:482,1
DA:490,1
DA:504,1
DA:509,1
DA:511,0
DA:512,0
DA:520,1
DA:526,1
DA:528,0
DA:529,0
DA:539,1
DA:545,1
DA:553,1
DA:555,0
DA:564,1
DA:572,1
DA:574,0
DA:581,1
DA:587,1
DA:595,1
DA:597,0
DA:602,1
DA:607,1
DA:616,1
DA:618,0
DA:619,0
DA:624,1
DA:628,1
DA:640,1
DA:647,1
DA:651,1
DA:659,1
DA:665,1
DA:677,1
DA:683,1
DA:689,1
DA:807,1
DA:809,0
DA:810,0
DA:816,1
DA:823,1
DA:835,1
DA:837,0
DA:842,1
DA:847,1
LF:123
LH:87
BRF:0
BRH:0
end_of_record
